mode: set
github.com/lmzuccarelli/golang-oci-mirror/pkg/log/logger.go:24.49,26.2 1 1
github.com/lmzuccarelli/golang-oci-mirror/pkg/log/logger.go:29.65,31.2 1 1
github.com/lmzuccarelli/golang-oci-mirror/pkg/log/logger.go:34.64,36.2 1 1
github.com/lmzuccarelli/golang-oci-mirror/pkg/log/logger.go:39.65,41.2 1 1
github.com/lmzuccarelli/golang-oci-mirror/pkg/log/logger.go:44.65,46.2 1 1
github.com/lmzuccarelli/golang-oci-mirror/pkg/config/load.go:22.82,25.16 2 1
github.com/lmzuccarelli/golang-oci-mirror/pkg/config/load.go:28.2,30.16 2 1
github.com/lmzuccarelli/golang-oci-mirror/pkg/config/load.go:34.2,34.37 1 1
github.com/lmzuccarelli/golang-oci-mirror/pkg/config/load.go:44.2,46.24 2 1
github.com/lmzuccarelli/golang-oci-mirror/pkg/config/load.go:25.16,27.3 1 0
github.com/lmzuccarelli/golang-oci-mirror/pkg/config/load.go:30.16,32.3 1 0
github.com/lmzuccarelli/golang-oci-mirror/pkg/config/load.go:35.74,37.17 2 1
github.com/lmzuccarelli/golang-oci-mirror/pkg/config/load.go:40.10,41.85 1 0
github.com/lmzuccarelli/golang-oci-mirror/pkg/config/load.go:37.17,39.4 1 0
github.com/lmzuccarelli/golang-oci-mirror/pkg/config/load.go:50.76,54.51 2 1
github.com/lmzuccarelli/golang-oci-mirror/pkg/config/load.go:58.2,60.39 3 1
github.com/lmzuccarelli/golang-oci-mirror/pkg/config/load.go:64.2,66.15 2 1
github.com/lmzuccarelli/golang-oci-mirror/pkg/config/load.go:54.51,56.3 1 0
github.com/lmzuccarelli/golang-oci-mirror/pkg/config/load.go:60.39,62.3 1 1
github.com/lmzuccarelli/golang-oci-mirror/pkg/config/load.go:70.65,76.39 4 1
github.com/lmzuccarelli/golang-oci-mirror/pkg/config/load.go:80.2,82.15 2 1
github.com/lmzuccarelli/golang-oci-mirror/pkg/config/load.go:76.39,78.3 1 1
github.com/lmzuccarelli/golang-oci-mirror/pkg/config/load.go:85.69,86.56 1 1
github.com/lmzuccarelli/golang-oci-mirror/pkg/config/load.go:89.2,89.22 1 1
github.com/lmzuccarelli/golang-oci-mirror/pkg/config/load.go:86.56,88.3 1 0
github.com/lmzuccarelli/golang-oci-mirror/pkg/config/validate.go:16.58,18.41 2 1
github.com/lmzuccarelli/golang-oci-mirror/pkg/config/validate.go:23.2,23.38 1 1
github.com/lmzuccarelli/golang-oci-mirror/pkg/config/validate.go:18.41,19.36 1 1
github.com/lmzuccarelli/golang-oci-mirror/pkg/config/validate.go:19.36,21.4 1 1
github.com/lmzuccarelli/golang-oci-mirror/pkg/config/validate.go:26.73,28.44 2 1
github.com/lmzuccarelli/golang-oci-mirror/pkg/config/validate.go:40.2,40.12 1 1
github.com/lmzuccarelli/golang-oci-mirror/pkg/config/validate.go:28.44,30.17 2 1
github.com/lmzuccarelli/golang-oci-mirror/pkg/config/validate.go:33.3,33.21 1 1
github.com/lmzuccarelli/golang-oci-mirror/pkg/config/validate.go:38.3,38.24 1 1
github.com/lmzuccarelli/golang-oci-mirror/pkg/config/validate.go:30.17,32.4 1 0
github.com/lmzuccarelli/golang-oci-mirror/pkg/config/validate.go:33.21,37.4 1 1
github.com/lmzuccarelli/golang-oci-mirror/pkg/config/validate.go:43.73,45.55 2 1
github.com/lmzuccarelli/golang-oci-mirror/pkg/config/validate.go:53.2,53.12 1 1
github.com/lmzuccarelli/golang-oci-mirror/pkg/config/validate.go:45.55,46.25 1 1
github.com/lmzuccarelli/golang-oci-mirror/pkg/config/validate.go:51.3,51.28 1 1
github.com/lmzuccarelli/golang-oci-mirror/pkg/config/validate.go:46.25,50.4 1 1
github.com/lmzuccarelli/golang-oci-mirror/pkg/config/defaults.go:9.52,11.2 1 1
github.com/lmzuccarelli/golang-oci-mirror/pkg/config/defaults.go:13.72,14.91 1 1
github.com/lmzuccarelli/golang-oci-mirror/pkg/config/defaults.go:14.91,16.3 1 1
github.com/lmzuccarelli/golang-oci-mirror/pkg/batch/worker.go:44.18,46.2 1 1
github.com/lmzuccarelli/golang-oci-mirror/pkg/batch/worker.go:66.108,73.23 5 1
github.com/lmzuccarelli/golang-oci-mirror/pkg/batch/worker.go:79.2,90.31 9 1
github.com/lmzuccarelli/golang-oci-mirror/pkg/batch/worker.go:131.2,131.21 1 1
github.com/lmzuccarelli/golang-oci-mirror/pkg/batch/worker.go:141.2,141.12 1 1
github.com/lmzuccarelli/golang-oci-mirror/pkg/batch/worker.go:73.23,75.3 1 0
github.com/lmzuccarelli/golang-oci-mirror/pkg/batch/worker.go:75.8,77.3 1 1
github.com/lmzuccarelli/golang-oci-mirror/pkg/batch/worker.go:90.31,92.36 2 1
github.com/lmzuccarelli/golang-oci-mirror/pkg/batch/worker.go:118.3,121.18 4 1
github.com/lmzuccarelli/golang-oci-mirror/pkg/batch/worker.go:124.3,124.24 1 1
github.com/lmzuccarelli/golang-oci-mirror/pkg/batch/worker.go:92.36,95.18 3 1
github.com/lmzuccarelli/golang-oci-mirror/pkg/batch/worker.go:100.4,101.18 2 1
github.com/lmzuccarelli/golang-oci-mirror/pkg/batch/worker.go:104.4,110.95 5 1
github.com/lmzuccarelli/golang-oci-mirror/pkg/batch/worker.go:95.18,97.13 2 0
github.com/lmzuccarelli/golang-oci-mirror/pkg/batch/worker.go:101.18,103.5 1 0
github.com/lmzuccarelli/golang-oci-mirror/pkg/batch/worker.go:110.95,113.19 3 1
github.com/lmzuccarelli/golang-oci-mirror/pkg/batch/worker.go:113.19,115.6 1 0
github.com/lmzuccarelli/golang-oci-mirror/pkg/batch/worker.go:121.18,123.4 1 0
github.com/lmzuccarelli/golang-oci-mirror/pkg/batch/worker.go:124.24,125.33 1 0
github.com/lmzuccarelli/golang-oci-mirror/pkg/batch/worker.go:128.4,128.63 1 0
github.com/lmzuccarelli/golang-oci-mirror/pkg/batch/worker.go:125.33,127.5 1 0
github.com/lmzuccarelli/golang-oci-mirror/pkg/batch/worker.go:131.21,137.17 2 1
github.com/lmzuccarelli/golang-oci-mirror/pkg/batch/worker.go:137.17,139.4 1 0
github.com/lmzuccarelli/golang-oci-mirror/pkg/batch/worker.go:144.72,148.20 4 1
github.com/lmzuccarelli/golang-oci-mirror/pkg/batch/worker.go:151.2,151.37 1 1
github.com/lmzuccarelli/golang-oci-mirror/pkg/batch/worker.go:156.2,157.17 2 1
github.com/lmzuccarelli/golang-oci-mirror/pkg/batch/worker.go:148.20,150.3 1 0
github.com/lmzuccarelli/golang-oci-mirror/pkg/batch/worker.go:151.37,153.3 1 0
github.com/lmzuccarelli/golang-oci-mirror/pkg/batch/worker.go:153.8,155.3 1 1
github.com/lmzuccarelli/golang-oci-mirror/pkg/operator/collector.go:44.22,46.2 1 0
github.com/lmzuccarelli/golang-oci-mirror/pkg/operator/collector.go:60.98,69.48 6 1
github.com/lmzuccarelli/golang-oci-mirror/pkg/operator/collector.go:81.2,81.33 1 1
github.com/lmzuccarelli/golang-oci-mirror/pkg/operator/collector.go:155.2,157.34 3 1
github.com/lmzuccarelli/golang-oci-mirror/pkg/operator/collector.go:160.2,166.25 5 1
github.com/lmzuccarelli/golang-oci-mirror/pkg/operator/collector.go:171.2,171.30 1 1
github.com/lmzuccarelli/golang-oci-mirror/pkg/operator/collector.go:69.48,71.36 2 1
github.com/lmzuccarelli/golang-oci-mirror/pkg/operator/collector.go:71.36,73.41 2 1
github.com/lmzuccarelli/golang-oci-mirror/pkg/operator/collector.go:73.41,76.5 2 1
github.com/lmzuccarelli/golang-oci-mirror/pkg/operator/collector.go:81.33,83.48 2 1
github.com/lmzuccarelli/golang-oci-mirror/pkg/operator/collector.go:83.48,85.19 1 1
github.com/lmzuccarelli/golang-oci-mirror/pkg/operator/collector.go:140.4,140.29 1 1
github.com/lmzuccarelli/golang-oci-mirror/pkg/operator/collector.go:85.19,92.19 6 1
github.com/lmzuccarelli/golang-oci-mirror/pkg/operator/collector.go:96.5,97.19 2 1
github.com/lmzuccarelli/golang-oci-mirror/pkg/operator/collector.go:102.5,102.32 1 1
github.com/lmzuccarelli/golang-oci-mirror/pkg/operator/collector.go:109.5,114.19 4 1
github.com/lmzuccarelli/golang-oci-mirror/pkg/operator/collector.go:120.5,121.19 2 1
github.com/lmzuccarelli/golang-oci-mirror/pkg/operator/collector.go:125.5,132.19 4 1
github.com/lmzuccarelli/golang-oci-mirror/pkg/operator/collector.go:92.19,94.6 1 0
github.com/lmzuccarelli/golang-oci-mirror/pkg/operator/collector.go:97.19,99.6 1 0
github.com/lmzuccarelli/golang-oci-mirror/pkg/operator/collector.go:102.32,104.6 1 0
github.com/lmzuccarelli/golang-oci-mirror/pkg/operator/collector.go:104.11,105.62 1 1
github.com/lmzuccarelli/golang-oci-mirror/pkg/operator/collector.go:105.62,107.7 1 0
github.com/lmzuccarelli/golang-oci-mirror/pkg/operator/collector.go:114.19,116.6 1 0
github.com/lmzuccarelli/golang-oci-mirror/pkg/operator/collector.go:121.19,123.6 1 0
github.com/lmzuccarelli/golang-oci-mirror/pkg/operator/collector.go:132.19,134.6 1 0
github.com/lmzuccarelli/golang-oci-mirror/pkg/operator/collector.go:140.29,142.19 2 1
github.com/lmzuccarelli/golang-oci-mirror/pkg/operator/collector.go:142.19,144.6 1 0
github.com/lmzuccarelli/golang-oci-mirror/pkg/operator/collector.go:145.10,148.19 2 1
github.com/lmzuccarelli/golang-oci-mirror/pkg/operator/collector.go:148.19,150.6 1 0
github.com/lmzuccarelli/golang-oci-mirror/pkg/operator/collector.go:157.34,159.3 1 1
github.com/lmzuccarelli/golang-oci-mirror/pkg/operator/collector.go:166.25,170.3 3 1
github.com/lmzuccarelli/golang-oci-mirror/pkg/operator/collector.go:175.78,177.22 2 1
github.com/lmzuccarelli/golang-oci-mirror/pkg/operator/collector.go:182.2,182.10 1 1
github.com/lmzuccarelli/golang-oci-mirror/pkg/operator/collector.go:177.22,178.24 1 1
github.com/lmzuccarelli/golang-oci-mirror/pkg/operator/collector.go:178.24,180.4 1 1
github.com/lmzuccarelli/golang-oci-mirror/pkg/manifest/oci-manifest.go:40.63,42.2 1 0
github.com/lmzuccarelli/golang-oci-mirror/pkg/manifest/oci-manifest.go:45.75,48.16 3 1
github.com/lmzuccarelli/golang-oci-mirror/pkg/manifest/oci-manifest.go:51.2,52.16 2 1
github.com/lmzuccarelli/golang-oci-mirror/pkg/manifest/oci-manifest.go:55.2,55.17 1 1
github.com/lmzuccarelli/golang-oci-mirror/pkg/manifest/oci-manifest.go:48.16,50.3 1 0
github.com/lmzuccarelli/golang-oci-mirror/pkg/manifest/oci-manifest.go:52.16,54.3 1 0
github.com/lmzuccarelli/golang-oci-mirror/pkg/manifest/oci-manifest.go:60.79,63.16 3 1
github.com/lmzuccarelli/golang-oci-mirror/pkg/manifest/oci-manifest.go:66.2,67.16 2 1
github.com/lmzuccarelli/golang-oci-mirror/pkg/manifest/oci-manifest.go:70.2,70.17 1 1
github.com/lmzuccarelli/golang-oci-mirror/pkg/manifest/oci-manifest.go:63.16,65.3 1 0
github.com/lmzuccarelli/golang-oci-mirror/pkg/manifest/oci-manifest.go:67.16,69.3 1 0
github.com/lmzuccarelli/golang-oci-mirror/pkg/manifest/oci-manifest.go:74.91,77.16 3 1
github.com/lmzuccarelli/golang-oci-mirror/pkg/manifest/oci-manifest.go:80.2,81.16 2 1
github.com/lmzuccarelli/golang-oci-mirror/pkg/manifest/oci-manifest.go:84.2,84.17 1 1
github.com/lmzuccarelli/golang-oci-mirror/pkg/manifest/oci-manifest.go:77.16,79.3 1 0
github.com/lmzuccarelli/golang-oci-mirror/pkg/manifest/oci-manifest.go:81.16,83.3 1 0
github.com/lmzuccarelli/golang-oci-mirror/pkg/manifest/oci-manifest.go:89.116,92.16 3 1
github.com/lmzuccarelli/golang-oci-mirror/pkg/manifest/oci-manifest.go:95.2,95.29 1 1
github.com/lmzuccarelli/golang-oci-mirror/pkg/manifest/oci-manifest.go:111.2,111.27 1 1
github.com/lmzuccarelli/golang-oci-mirror/pkg/manifest/oci-manifest.go:92.16,94.3 1 0
github.com/lmzuccarelli/golang-oci-mirror/pkg/manifest/oci-manifest.go:95.29,99.17 2 1
github.com/lmzuccarelli/golang-oci-mirror/pkg/manifest/oci-manifest.go:102.3,103.17 2 1
github.com/lmzuccarelli/golang-oci-mirror/pkg/manifest/oci-manifest.go:107.3,107.24 1 1
github.com/lmzuccarelli/golang-oci-mirror/pkg/manifest/oci-manifest.go:99.17,101.4 1 0
github.com/lmzuccarelli/golang-oci-mirror/pkg/manifest/oci-manifest.go:103.17,105.4 1 0
github.com/lmzuccarelli/golang-oci-mirror/pkg/manifest/oci-manifest.go:107.24,109.4 1 1
github.com/lmzuccarelli/golang-oci-mirror/pkg/manifest/oci-manifest.go:115.181,117.34 2 1
github.com/lmzuccarelli/golang-oci-mirror/pkg/manifest/oci-manifest.go:135.2,135.27 1 1
github.com/lmzuccarelli/golang-oci-mirror/pkg/manifest/oci-manifest.go:117.34,121.17 2 1
github.com/lmzuccarelli/golang-oci-mirror/pkg/manifest/oci-manifest.go:125.3,126.17 2 1
github.com/lmzuccarelli/golang-oci-mirror/pkg/manifest/oci-manifest.go:130.3,130.24 1 1
github.com/lmzuccarelli/golang-oci-mirror/pkg/manifest/oci-manifest.go:133.3,133.50 1 1
github.com/lmzuccarelli/golang-oci-mirror/pkg/manifest/oci-manifest.go:121.17,123.4 1 0
github.com/lmzuccarelli/golang-oci-mirror/pkg/manifest/oci-manifest.go:126.17,128.4 1 0
github.com/lmzuccarelli/golang-oci-mirror/pkg/manifest/oci-manifest.go:130.24,132.4 1 1
github.com/lmzuccarelli/golang-oci-mirror/pkg/manifest/oci-manifest.go:139.100,140.34 1 1
github.com/lmzuccarelli/golang-oci-mirror/pkg/manifest/oci-manifest.go:153.2,153.12 1 1
github.com/lmzuccarelli/golang-oci-mirror/pkg/manifest/oci-manifest.go:140.34,141.47 1 1
github.com/lmzuccarelli/golang-oci-mirror/pkg/manifest/oci-manifest.go:144.3,145.17 2 1
github.com/lmzuccarelli/golang-oci-mirror/pkg/manifest/oci-manifest.go:148.3,149.17 2 1
github.com/lmzuccarelli/golang-oci-mirror/pkg/manifest/oci-manifest.go:141.47,143.4 1 0
github.com/lmzuccarelli/golang-oci-mirror/pkg/manifest/oci-manifest.go:145.17,147.4 1 0
github.com/lmzuccarelli/golang-oci-mirror/pkg/manifest/oci-manifest.go:149.17,151.4 1 0
github.com/lmzuccarelli/golang-oci-mirror/pkg/manifest/oci-manifest.go:157.87,162.16 4 1
github.com/lmzuccarelli/golang-oci-mirror/pkg/manifest/oci-manifest.go:166.2,167.41 2 1
github.com/lmzuccarelli/golang-oci-mirror/pkg/manifest/oci-manifest.go:170.2,170.23 1 1
github.com/lmzuccarelli/golang-oci-mirror/pkg/manifest/oci-manifest.go:162.16,164.3 1 0
github.com/lmzuccarelli/golang-oci-mirror/pkg/manifest/oci-manifest.go:167.41,169.3 1 1
github.com/lmzuccarelli/golang-oci-mirror/pkg/manifest/oci-manifest.go:174.72,179.16 4 1
github.com/lmzuccarelli/golang-oci-mirror/pkg/manifest/oci-manifest.go:183.2,184.6 2 1
github.com/lmzuccarelli/golang-oci-mirror/pkg/manifest/oci-manifest.go:219.2,219.12 1 1
github.com/lmzuccarelli/golang-oci-mirror/pkg/manifest/oci-manifest.go:179.16,181.3 1 0
github.com/lmzuccarelli/golang-oci-mirror/pkg/manifest/oci-manifest.go:184.6,187.20 2 1
github.com/lmzuccarelli/golang-oci-mirror/pkg/manifest/oci-manifest.go:191.3,191.17 1 1
github.com/lmzuccarelli/golang-oci-mirror/pkg/manifest/oci-manifest.go:195.3,195.48 1 1
github.com/lmzuccarelli/golang-oci-mirror/pkg/manifest/oci-manifest.go:187.20,188.9 1 1
github.com/lmzuccarelli/golang-oci-mirror/pkg/manifest/oci-manifest.go:191.17,193.4 1 0
github.com/lmzuccarelli/golang-oci-mirror/pkg/manifest/oci-manifest.go:195.48,196.27 1 1
github.com/lmzuccarelli/golang-oci-mirror/pkg/manifest/oci-manifest.go:197.21,198.28 1 1
github.com/lmzuccarelli/golang-oci-mirror/pkg/manifest/oci-manifest.go:203.21,205.19 2 1
github.com/lmzuccarelli/golang-oci-mirror/pkg/manifest/oci-manifest.go:208.5,208.58 1 1
github.com/lmzuccarelli/golang-oci-mirror/pkg/manifest/oci-manifest.go:211.5,211.20 1 1
github.com/lmzuccarelli/golang-oci-mirror/pkg/manifest/oci-manifest.go:213.12,215.81 1 0
github.com/lmzuccarelli/golang-oci-mirror/pkg/manifest/oci-manifest.go:198.28,199.68 1 1
github.com/lmzuccarelli/golang-oci-mirror/pkg/manifest/oci-manifest.go:199.68,201.7 1 0
github.com/lmzuccarelli/golang-oci-mirror/pkg/manifest/oci-manifest.go:205.19,207.6 1 0
github.com/lmzuccarelli/golang-oci-mirror/pkg/manifest/oci-manifest.go:208.58,210.6 1 0
github.com/lmzuccarelli/golang-oci-mirror/pkg/manifest/oci-manifest.go:224.77,230.16 3 1
github.com/lmzuccarelli/golang-oci-mirror/pkg/manifest/oci-manifest.go:233.2,236.16 4 1
github.com/lmzuccarelli/golang-oci-mirror/pkg/manifest/oci-manifest.go:239.2,239.17 1 1
github.com/lmzuccarelli/golang-oci-mirror/pkg/manifest/oci-manifest.go:230.16,232.3 1 0
github.com/lmzuccarelli/golang-oci-mirror/pkg/manifest/oci-manifest.go:236.16,238.3 1 0
github.com/lmzuccarelli/golang-oci-mirror/pkg/manifest/oci-manifest.go:244.151,251.26 4 1
github.com/lmzuccarelli/golang-oci-mirror/pkg/manifest/oci-manifest.go:274.2,274.27 1 1
github.com/lmzuccarelli/golang-oci-mirror/pkg/manifest/oci-manifest.go:251.26,252.10 1 1
github.com/lmzuccarelli/golang-oci-mirror/pkg/manifest/oci-manifest.go:253.36,254.34 1 1
github.com/lmzuccarelli/golang-oci-mirror/pkg/manifest/oci-manifest.go:263.35,264.25 1 1
github.com/lmzuccarelli/golang-oci-mirror/pkg/manifest/oci-manifest.go:269.36,271.39 2 1
github.com/lmzuccarelli/golang-oci-mirror/pkg/manifest/oci-manifest.go:254.34,258.19 4 1
github.com/lmzuccarelli/golang-oci-mirror/pkg/manifest/oci-manifest.go:261.5,261.25 1 1
github.com/lmzuccarelli/golang-oci-mirror/pkg/manifest/oci-manifest.go:258.19,260.6 1 0
github.com/lmzuccarelli/golang-oci-mirror/pkg/manifest/oci-manifest.go:264.25,268.5 3 1
github.com/lmzuccarelli/golang-oci-mirror/pkg/manifest/oci-manifest.go:279.168,284.26 3 1
github.com/lmzuccarelli/golang-oci-mirror/pkg/manifest/oci-manifest.go:317.2,317.27 1 1
github.com/lmzuccarelli/golang-oci-mirror/pkg/manifest/oci-manifest.go:284.26,285.10 1 1
github.com/lmzuccarelli/golang-oci-mirror/pkg/manifest/oci-manifest.go:286.36,287.28 1 1
github.com/lmzuccarelli/golang-oci-mirror/pkg/manifest/oci-manifest.go:306.35,307.25 1 1
github.com/lmzuccarelli/golang-oci-mirror/pkg/manifest/oci-manifest.go:312.36,314.38 2 1
github.com/lmzuccarelli/golang-oci-mirror/pkg/manifest/oci-manifest.go:287.28,288.32 1 1
github.com/lmzuccarelli/golang-oci-mirror/pkg/manifest/oci-manifest.go:288.32,291.20 3 1
github.com/lmzuccarelli/golang-oci-mirror/pkg/manifest/oci-manifest.go:294.6,294.29 1 1
github.com/lmzuccarelli/golang-oci-mirror/pkg/manifest/oci-manifest.go:291.20,293.7 1 0
github.com/lmzuccarelli/golang-oci-mirror/pkg/manifest/oci-manifest.go:294.29,296.7 1 0
github.com/lmzuccarelli/golang-oci-mirror/pkg/manifest/oci-manifest.go:298.10,300.19 2 1
github.com/lmzuccarelli/golang-oci-mirror/pkg/manifest/oci-manifest.go:303.5,304.25 2 1
github.com/lmzuccarelli/golang-oci-mirror/pkg/manifest/oci-manifest.go:300.19,302.6 1 0
github.com/lmzuccarelli/golang-oci-mirror/pkg/manifest/oci-manifest.go:307.25,311.5 3 1
github.com/lmzuccarelli/golang-oci-mirror/pkg/manifest/oci-manifest.go:321.69,324.29 3 1
github.com/lmzuccarelli/golang-oci-mirror/pkg/manifest/oci-manifest.go:343.2,343.33 1 1
github.com/lmzuccarelli/golang-oci-mirror/pkg/manifest/oci-manifest.go:324.29,327.19 2 1
github.com/lmzuccarelli/golang-oci-mirror/pkg/manifest/oci-manifest.go:330.3,334.17 5 1
github.com/lmzuccarelli/golang-oci-mirror/pkg/manifest/oci-manifest.go:338.3,338.32 1 1
github.com/lmzuccarelli/golang-oci-mirror/pkg/manifest/oci-manifest.go:327.19,329.4 1 0
github.com/lmzuccarelli/golang-oci-mirror/pkg/manifest/oci-manifest.go:334.17,336.4 1 0
github.com/lmzuccarelli/golang-oci-mirror/pkg/manifest/oci-manifest.go:338.32,341.4 2 1
github.com/lmzuccarelli/golang-oci-mirror/pkg/manifest/oci-manifest.go:347.90,355.18 5 1
github.com/lmzuccarelli/golang-oci-mirror/pkg/manifest/oci-manifest.go:363.2,363.18 1 1
github.com/lmzuccarelli/golang-oci-mirror/pkg/manifest/oci-manifest.go:372.2,372.28 1 1
github.com/lmzuccarelli/golang-oci-mirror/pkg/manifest/oci-manifest.go:389.2,389.21 1 1
github.com/lmzuccarelli/golang-oci-mirror/pkg/manifest/oci-manifest.go:355.18,357.17 2 1
github.com/lmzuccarelli/golang-oci-mirror/pkg/manifest/oci-manifest.go:357.17,359.4 1 0
github.com/lmzuccarelli/golang-oci-mirror/pkg/manifest/oci-manifest.go:360.8,362.3 1 0
github.com/lmzuccarelli/golang-oci-mirror/pkg/manifest/oci-manifest.go:363.18,365.17 2 1
github.com/lmzuccarelli/golang-oci-mirror/pkg/manifest/oci-manifest.go:365.17,367.4 1 0
github.com/lmzuccarelli/golang-oci-mirror/pkg/manifest/oci-manifest.go:368.8,370.3 1 0
github.com/lmzuccarelli/golang-oci-mirror/pkg/manifest/oci-manifest.go:372.28,375.19 2 1
github.com/lmzuccarelli/golang-oci-mirror/pkg/manifest/oci-manifest.go:378.3,382.17 5 1
github.com/lmzuccarelli/golang-oci-mirror/pkg/manifest/oci-manifest.go:385.3,385.75 1 1
github.com/lmzuccarelli/golang-oci-mirror/pkg/manifest/oci-manifest.go:375.19,377.4 1 0
github.com/lmzuccarelli/golang-oci-mirror/pkg/manifest/oci-manifest.go:382.17,384.4 1 0
github.com/lmzuccarelli/golang-oci-mirror/pkg/manifest/oci-manifest.go:385.75,387.4 1 0
github.com/lmzuccarelli/golang-oci-mirror/pkg/services/executor.go:67.36,118.48 12 1
github.com/lmzuccarelli/golang-oci-mirror/pkg/services/executor.go:125.2,128.12 3 1
github.com/lmzuccarelli/golang-oci-mirror/pkg/services/executor.go:118.48,122.4 2 0
github.com/lmzuccarelli/golang-oci-mirror/pkg/services/executor.go:132.71,135.44 1 1
github.com/lmzuccarelli/golang-oci-mirror/pkg/services/executor.go:141.2,145.16 3 1
github.com/lmzuccarelli/golang-oci-mirror/pkg/services/executor.go:148.2,157.16 4 1
github.com/lmzuccarelli/golang-oci-mirror/pkg/services/executor.go:162.2,165.43 2 1
github.com/lmzuccarelli/golang-oci-mirror/pkg/services/executor.go:178.2,178.35 1 1
github.com/lmzuccarelli/golang-oci-mirror/pkg/services/executor.go:186.2,187.16 2 1
github.com/lmzuccarelli/golang-oci-mirror/pkg/services/executor.go:191.2,191.12 1 1
github.com/lmzuccarelli/golang-oci-mirror/pkg/services/executor.go:135.44,137.3 1 1
github.com/lmzuccarelli/golang-oci-mirror/pkg/services/executor.go:137.8,137.54 1 1
github.com/lmzuccarelli/golang-oci-mirror/pkg/services/executor.go:137.54,139.3 1 1
github.com/lmzuccarelli/golang-oci-mirror/pkg/services/executor.go:145.16,147.3 1 0
github.com/lmzuccarelli/golang-oci-mirror/pkg/services/executor.go:157.16,160.3 2 0
github.com/lmzuccarelli/golang-oci-mirror/pkg/services/executor.go:165.43,170.17 2 1
github.com/lmzuccarelli/golang-oci-mirror/pkg/services/executor.go:173.3,173.72 1 1
github.com/lmzuccarelli/golang-oci-mirror/pkg/services/executor.go:170.17,172.4 1 1
github.com/lmzuccarelli/golang-oci-mirror/pkg/services/executor.go:178.35,180.17 2 1
github.com/lmzuccarelli/golang-oci-mirror/pkg/services/executor.go:183.3,183.73 1 1
github.com/lmzuccarelli/golang-oci-mirror/pkg/services/executor.go:180.17,182.4 1 1
github.com/lmzuccarelli/golang-oci-mirror/pkg/services/executor.go:187.16,189.3 1 1
github.com/lmzuccarelli/golang-oci-mirror/pkg/services/executor.go:195.56,196.81 1 1
github.com/lmzuccarelli/golang-oci-mirror/pkg/services/executor.go:199.2,199.76 1 1
github.com/lmzuccarelli/golang-oci-mirror/pkg/services/executor.go:196.81,198.3 1 1
github.com/lmzuccarelli/golang-oci-mirror/pkg/services/options.go:57.54,69.2 6 1
github.com/lmzuccarelli/golang-oci-mirror/pkg/release/cincinnati.go:19.124,21.2 1 1
github.com/lmzuccarelli/golang-oci-mirror/pkg/release/cincinnati.go:30.73,31.12 1 1
github.com/lmzuccarelli/golang-oci-mirror/pkg/release/cincinnati.go:34.2,34.22 1 1
github.com/lmzuccarelli/golang-oci-mirror/pkg/release/cincinnati.go:31.12,33.3 1 1
github.com/lmzuccarelli/golang-oci-mirror/pkg/release/cincinnati.go:37.73,39.2 1 0
github.com/lmzuccarelli/golang-oci-mirror/pkg/release/cincinnati.go:41.95,48.62 2 1
github.com/lmzuccarelli/golang-oci-mirror/pkg/release/cincinnati.go:152.2,152.25 1 1
github.com/lmzuccarelli/golang-oci-mirror/pkg/release/cincinnati.go:155.2,155.25 1 1
github.com/lmzuccarelli/golang-oci-mirror/pkg/release/cincinnati.go:48.62,52.56 2 1
github.com/lmzuccarelli/golang-oci-mirror/pkg/release/cincinnati.go:131.3,131.56 1 1
github.com/lmzuccarelli/golang-oci-mirror/pkg/release/cincinnati.go:138.3,138.49 1 1
github.com/lmzuccarelli/golang-oci-mirror/pkg/release/cincinnati.go:52.56,56.19 3 1
github.com/lmzuccarelli/golang-oci-mirror/pkg/release/cincinnati.go:71.4,71.18 1 1
github.com/lmzuccarelli/golang-oci-mirror/pkg/release/cincinnati.go:76.4,76.58 1 1
github.com/lmzuccarelli/golang-oci-mirror/pkg/release/cincinnati.go:120.4,121.18 2 1
github.com/lmzuccarelli/golang-oci-mirror/pkg/release/cincinnati.go:125.4,125.37 1 1
github.com/lmzuccarelli/golang-oci-mirror/pkg/release/cincinnati.go:57.26,59.19 2 1
github.com/lmzuccarelli/golang-oci-mirror/pkg/release/cincinnati.go:62.26,64.19 2 0
github.com/lmzuccarelli/golang-oci-mirror/pkg/release/cincinnati.go:67.12,69.13 2 0
github.com/lmzuccarelli/golang-oci-mirror/pkg/release/cincinnati.go:59.19,61.6 1 1
github.com/lmzuccarelli/golang-oci-mirror/pkg/release/cincinnati.go:64.19,66.6 1 0
github.com/lmzuccarelli/golang-oci-mirror/pkg/release/cincinnati.go:71.18,73.13 2 1
github.com/lmzuccarelli/golang-oci-mirror/pkg/release/cincinnati.go:76.58,79.32 1 1
github.com/lmzuccarelli/golang-oci-mirror/pkg/release/cincinnati.go:102.5,102.32 1 1
github.com/lmzuccarelli/golang-oci-mirror/pkg/release/cincinnati.go:111.5,111.36 1 1
github.com/lmzuccarelli/golang-oci-mirror/pkg/release/cincinnati.go:79.32,81.20 2 1
github.com/lmzuccarelli/golang-oci-mirror/pkg/release/cincinnati.go:87.6,89.53 3 1
github.com/lmzuccarelli/golang-oci-mirror/pkg/release/cincinnati.go:81.20,83.15 2 0
github.com/lmzuccarelli/golang-oci-mirror/pkg/release/cincinnati.go:89.53,97.7 3 1
github.com/lmzuccarelli/golang-oci-mirror/pkg/release/cincinnati.go:102.32,104.20 2 1
github.com/lmzuccarelli/golang-oci-mirror/pkg/release/cincinnati.go:108.6,109.67 2 1
github.com/lmzuccarelli/golang-oci-mirror/pkg/release/cincinnati.go:104.20,106.15 2 0
github.com/lmzuccarelli/golang-oci-mirror/pkg/release/cincinnati.go:112.10,118.5 3 1
github.com/lmzuccarelli/golang-oci-mirror/pkg/release/cincinnati.go:121.18,123.13 2 0
github.com/lmzuccarelli/golang-oci-mirror/pkg/release/cincinnati.go:131.56,133.13 2 1
github.com/lmzuccarelli/golang-oci-mirror/pkg/release/cincinnati.go:133.13,135.5 1 1
github.com/lmzuccarelli/golang-oci-mirror/pkg/release/cincinnati.go:138.49,140.18 2 1
github.com/lmzuccarelli/golang-oci-mirror/pkg/release/cincinnati.go:144.4,145.18 2 1
github.com/lmzuccarelli/golang-oci-mirror/pkg/release/cincinnati.go:149.4,149.40 1 0
github.com/lmzuccarelli/golang-oci-mirror/pkg/release/cincinnati.go:140.18,142.13 2 0
github.com/lmzuccarelli/golang-oci-mirror/pkg/release/cincinnati.go:145.18,147.13 2 1
github.com/lmzuccarelli/golang-oci-mirror/pkg/release/cincinnati.go:152.25,154.3 1 1
github.com/lmzuccarelli/golang-oci-mirror/pkg/release/cincinnati.go:160.40,161.23 1 1
github.com/lmzuccarelli/golang-oci-mirror/pkg/release/cincinnati.go:161.23,163.9 2 1
github.com/lmzuccarelli/golang-oci-mirror/pkg/release/cincinnati.go:167.3,167.11 1 1
github.com/lmzuccarelli/golang-oci-mirror/pkg/release/cincinnati.go:163.9,165.12 2 0
github.com/lmzuccarelli/golang-oci-mirror/pkg/release/cincinnati.go:174.162,178.34 3 1
github.com/lmzuccarelli/golang-oci-mirror/pkg/release/cincinnati.go:183.2,225.16 3 1
github.com/lmzuccarelli/golang-oci-mirror/pkg/release/cincinnati.go:228.2,229.16 2 1
github.com/lmzuccarelli/golang-oci-mirror/pkg/release/cincinnati.go:233.2,234.26 2 1
github.com/lmzuccarelli/golang-oci-mirror/pkg/release/cincinnati.go:256.2,258.26 2 1
github.com/lmzuccarelli/golang-oci-mirror/pkg/release/cincinnati.go:178.34,179.30 1 0
github.com/lmzuccarelli/golang-oci-mirror/pkg/release/cincinnati.go:179.30,181.4 1 0
github.com/lmzuccarelli/golang-oci-mirror/pkg/release/cincinnati.go:225.16,227.3 1 0
github.com/lmzuccarelli/golang-oci-mirror/pkg/release/cincinnati.go:229.16,231.3 1 0
github.com/lmzuccarelli/golang-oci-mirror/pkg/release/cincinnati.go:234.26,236.17 2 1
github.com/lmzuccarelli/golang-oci-mirror/pkg/release/cincinnati.go:239.3,239.57 1 1
github.com/lmzuccarelli/golang-oci-mirror/pkg/release/cincinnati.go:236.17,238.4 1 0
github.com/lmzuccarelli/golang-oci-mirror/pkg/release/cincinnati.go:241.8,243.17 2 1
github.com/lmzuccarelli/golang-oci-mirror/pkg/release/cincinnati.go:246.3,247.17 2 1
github.com/lmzuccarelli/golang-oci-mirror/pkg/release/cincinnati.go:250.3,251.17 2 1
github.com/lmzuccarelli/golang-oci-mirror/pkg/release/cincinnati.go:254.3,254.61 1 1
github.com/lmzuccarelli/golang-oci-mirror/pkg/release/cincinnati.go:243.17,245.4 1 0
github.com/lmzuccarelli/golang-oci-mirror/pkg/release/cincinnati.go:247.17,249.4 1 0
github.com/lmzuccarelli/golang-oci-mirror/pkg/release/cincinnati.go:251.17,253.4 1 0
github.com/lmzuccarelli/golang-oci-mirror/pkg/release/cincinnati.go:262.138,266.30 2 1
github.com/lmzuccarelli/golang-oci-mirror/pkg/release/cincinnati.go:272.2,272.27 1 1
github.com/lmzuccarelli/golang-oci-mirror/pkg/release/cincinnati.go:276.2,277.16 2 1
github.com/lmzuccarelli/golang-oci-mirror/pkg/release/cincinnati.go:280.2,281.16 2 1
github.com/lmzuccarelli/golang-oci-mirror/pkg/release/cincinnati.go:284.2,285.16 2 1
github.com/lmzuccarelli/golang-oci-mirror/pkg/release/cincinnati.go:288.2,288.53 1 0
github.com/lmzuccarelli/golang-oci-mirror/pkg/release/cincinnati.go:266.30,267.34 1 1
github.com/lmzuccarelli/golang-oci-mirror/pkg/release/cincinnati.go:267.34,269.4 1 1
github.com/lmzuccarelli/golang-oci-mirror/pkg/release/cincinnati.go:272.27,274.3 1 0
github.com/lmzuccarelli/golang-oci-mirror/pkg/release/cincinnati.go:277.16,279.3 1 0
github.com/lmzuccarelli/golang-oci-mirror/pkg/release/cincinnati.go:281.16,283.3 1 0
github.com/lmzuccarelli/golang-oci-mirror/pkg/release/cincinnati.go:285.16,287.3 1 1
github.com/lmzuccarelli/golang-oci-mirror/pkg/release/cincinnati.go:291.72,293.33 2 1
github.com/lmzuccarelli/golang-oci-mirror/pkg/release/cincinnati.go:298.2,298.25 1 1
github.com/lmzuccarelli/golang-oci-mirror/pkg/release/cincinnati.go:302.2,302.24 1 1
github.com/lmzuccarelli/golang-oci-mirror/pkg/release/cincinnati.go:306.2,306.25 1 1
github.com/lmzuccarelli/golang-oci-mirror/pkg/release/cincinnati.go:293.33,296.3 2 1
github.com/lmzuccarelli/golang-oci-mirror/pkg/release/cincinnati.go:298.25,300.3 1 1
github.com/lmzuccarelli/golang-oci-mirror/pkg/release/cincinnati.go:302.24,304.3 1 1
github.com/lmzuccarelli/golang-oci-mirror/pkg/release/client.go:32.49,34.88 2 1
github.com/lmzuccarelli/golang-oci-mirror/pkg/release/client.go:40.2,41.16 2 1
github.com/lmzuccarelli/golang-oci-mirror/pkg/release/client.go:45.2,46.16 2 1
github.com/lmzuccarelli/golang-oci-mirror/pkg/release/client.go:50.2,54.70 2 1
github.com/lmzuccarelli/golang-oci-mirror/pkg/release/client.go:34.88,37.3 2 1
github.com/lmzuccarelli/golang-oci-mirror/pkg/release/client.go:37.8,39.3 1 1
github.com/lmzuccarelli/golang-oci-mirror/pkg/release/client.go:41.16,43.3 1 0
github.com/lmzuccarelli/golang-oci-mirror/pkg/release/client.go:46.16,48.3 1 0
github.com/lmzuccarelli/golang-oci-mirror/pkg/release/client.go:57.39,59.2 1 1
github.com/lmzuccarelli/golang-oci-mirror/pkg/release/client.go:61.52,63.2 1 1
github.com/lmzuccarelli/golang-oci-mirror/pkg/release/client.go:65.39,67.2 1 1
github.com/lmzuccarelli/golang-oci-mirror/pkg/release/client.go:69.67,77.33 4 1
github.com/lmzuccarelli/golang-oci-mirror/pkg/release/client.go:82.2,82.39 1 1
github.com/lmzuccarelli/golang-oci-mirror/pkg/release/client.go:77.33,78.18 1 1
github.com/lmzuccarelli/golang-oci-mirror/pkg/release/client.go:78.18,80.4 1 1
github.com/lmzuccarelli/golang-oci-mirror/pkg/release/client.go:94.49,96.16 2 1
github.com/lmzuccarelli/golang-oci-mirror/pkg/release/client.go:100.2,101.16 2 1
github.com/lmzuccarelli/golang-oci-mirror/pkg/release/client.go:105.2,109.70 2 1
github.com/lmzuccarelli/golang-oci-mirror/pkg/release/client.go:96.16,98.3 1 0
github.com/lmzuccarelli/golang-oci-mirror/pkg/release/client.go:101.16,103.3 1 0
github.com/lmzuccarelli/golang-oci-mirror/pkg/release/client.go:112.39,114.2 1 1
github.com/lmzuccarelli/golang-oci-mirror/pkg/release/client.go:116.39,118.2 1 1
github.com/lmzuccarelli/golang-oci-mirror/pkg/release/client.go:120.52,122.2 1 0
github.com/lmzuccarelli/golang-oci-mirror/pkg/release/client.go:124.53,126.2 0 1
github.com/lmzuccarelli/golang-oci-mirror/pkg/release/client.go:128.42,130.16 2 1
github.com/lmzuccarelli/golang-oci-mirror/pkg/release/client.go:133.2,137.20 2 1
github.com/lmzuccarelli/golang-oci-mirror/pkg/release/client.go:130.16,132.3 1 0
github.com/lmzuccarelli/golang-oci-mirror/pkg/release/collector.go:43.22,45.2 1 0
github.com/lmzuccarelli/golang-oci-mirror/pkg/release/collector.go:60.97,64.28 3 1
github.com/lmzuccarelli/golang-oci-mirror/pkg/release/collector.go:75.2,76.16 2 1
github.com/lmzuccarelli/golang-oci-mirror/pkg/release/collector.go:82.2,86.16 4 1
github.com/lmzuccarelli/golang-oci-mirror/pkg/release/collector.go:90.2,91.16 2 1
github.com/lmzuccarelli/golang-oci-mirror/pkg/release/collector.go:95.2,95.78 1 1
github.com/lmzuccarelli/golang-oci-mirror/pkg/release/collector.go:64.28,70.17 5 1
github.com/lmzuccarelli/golang-oci-mirror/pkg/release/collector.go:70.17,72.4 1 1
github.com/lmzuccarelli/golang-oci-mirror/pkg/release/collector.go:76.16,79.3 2 1
github.com/lmzuccarelli/golang-oci-mirror/pkg/release/collector.go:86.16,88.3 1 1
github.com/lmzuccarelli/golang-oci-mirror/pkg/release/collector.go:91.16,93.3 1 1
github.com/lmzuccarelli/golang-oci-mirror/pkg/release/core-cincinnati.go:47.34,49.2 1 1
github.com/lmzuccarelli/golang-oci-mirror/pkg/release/core-cincinnati.go:58.158,65.16 5 1
github.com/lmzuccarelli/golang-oci-mirror/pkg/release/core-cincinnati.go:74.2,76.35 3 1
github.com/lmzuccarelli/golang-oci-mirror/pkg/release/core-cincinnati.go:84.2,84.12 1 1
github.com/lmzuccarelli/golang-oci-mirror/pkg/release/core-cincinnati.go:91.2,93.35 3 1
github.com/lmzuccarelli/golang-oci-mirror/pkg/release/core-cincinnati.go:101.2,101.12 1 1
github.com/lmzuccarelli/golang-oci-mirror/pkg/release/core-cincinnati.go:108.2,109.35 2 1
github.com/lmzuccarelli/golang-oci-mirror/pkg/release/core-cincinnati.go:114.2,114.50 1 1
github.com/lmzuccarelli/golang-oci-mirror/pkg/release/core-cincinnati.go:121.2,121.62 1 1
github.com/lmzuccarelli/golang-oci-mirror/pkg/release/core-cincinnati.go:162.2,165.29 3 1
github.com/lmzuccarelli/golang-oci-mirror/pkg/release/core-cincinnati.go:169.2,169.41 1 1
github.com/lmzuccarelli/golang-oci-mirror/pkg/release/core-cincinnati.go:65.16,71.3 1 0
github.com/lmzuccarelli/golang-oci-mirror/pkg/release/core-cincinnati.go:76.35,77.31 1 1
github.com/lmzuccarelli/golang-oci-mirror/pkg/release/core-cincinnati.go:77.31,81.9 4 1
github.com/lmzuccarelli/golang-oci-mirror/pkg/release/core-cincinnati.go:84.12,89.3 1 1
github.com/lmzuccarelli/golang-oci-mirror/pkg/release/core-cincinnati.go:93.35,94.30 1 1
github.com/lmzuccarelli/golang-oci-mirror/pkg/release/core-cincinnati.go:94.30,98.9 4 1
github.com/lmzuccarelli/golang-oci-mirror/pkg/release/core-cincinnati.go:101.12,106.3 1 1
github.com/lmzuccarelli/golang-oci-mirror/pkg/release/core-cincinnati.go:109.35,111.3 1 1
github.com/lmzuccarelli/golang-oci-mirror/pkg/release/core-cincinnati.go:114.50,115.48 1 1
github.com/lmzuccarelli/golang-oci-mirror/pkg/release/core-cincinnati.go:118.3,118.39 1 1
github.com/lmzuccarelli/golang-oci-mirror/pkg/release/core-cincinnati.go:115.48,117.4 1 1
github.com/lmzuccarelli/golang-oci-mirror/pkg/release/core-cincinnati.go:121.62,128.22 6 1
github.com/lmzuccarelli/golang-oci-mirror/pkg/release/core-cincinnati.go:145.3,145.33 1 1
github.com/lmzuccarelli/golang-oci-mirror/pkg/release/core-cincinnati.go:149.3,150.56 2 1
github.com/lmzuccarelli/golang-oci-mirror/pkg/release/core-cincinnati.go:155.3,155.54 1 1
github.com/lmzuccarelli/golang-oci-mirror/pkg/release/core-cincinnati.go:159.3,159.14 1 1
github.com/lmzuccarelli/golang-oci-mirror/pkg/release/core-cincinnati.go:128.22,131.19 3 1
github.com/lmzuccarelli/golang-oci-mirror/pkg/release/core-cincinnati.go:135.4,135.37 1 1
github.com/lmzuccarelli/golang-oci-mirror/pkg/release/core-cincinnati.go:131.19,132.10 1 1
github.com/lmzuccarelli/golang-oci-mirror/pkg/release/core-cincinnati.go:135.37,136.40 1 1
github.com/lmzuccarelli/golang-oci-mirror/pkg/release/core-cincinnati.go:136.40,140.6 3 1
github.com/lmzuccarelli/golang-oci-mirror/pkg/release/core-cincinnati.go:145.33,147.4 1 1
github.com/lmzuccarelli/golang-oci-mirror/pkg/release/core-cincinnati.go:150.56,152.4 1 1
github.com/lmzuccarelli/golang-oci-mirror/pkg/release/core-cincinnati.go:155.54,157.4 1 1
github.com/lmzuccarelli/golang-oci-mirror/pkg/release/core-cincinnati.go:165.29,167.3 1 1
github.com/lmzuccarelli/golang-oci-mirror/pkg/release/core-cincinnati.go:174.165,175.36 1 1
github.com/lmzuccarelli/golang-oci-mirror/pkg/release/core-cincinnati.go:181.2,182.16 2 1
github.com/lmzuccarelli/golang-oci-mirror/pkg/release/core-cincinnati.go:185.2,185.23 1 1
github.com/lmzuccarelli/golang-oci-mirror/pkg/release/core-cincinnati.go:202.2,203.16 2 1
github.com/lmzuccarelli/golang-oci-mirror/pkg/release/core-cincinnati.go:206.2,207.16 2 1
github.com/lmzuccarelli/golang-oci-mirror/pkg/release/core-cincinnati.go:211.2,212.16 2 1
github.com/lmzuccarelli/golang-oci-mirror/pkg/release/core-cincinnati.go:215.2,219.35 4 1
github.com/lmzuccarelli/golang-oci-mirror/pkg/release/core-cincinnati.go:226.2,226.47 1 1
github.com/lmzuccarelli/golang-oci-mirror/pkg/release/core-cincinnati.go:175.36,177.3 1 1
github.com/lmzuccarelli/golang-oci-mirror/pkg/release/core-cincinnati.go:182.16,184.3 1 0
github.com/lmzuccarelli/golang-oci-mirror/pkg/release/core-cincinnati.go:185.23,187.17 2 1
github.com/lmzuccarelli/golang-oci-mirror/pkg/release/core-cincinnati.go:190.3,190.16 1 1
github.com/lmzuccarelli/golang-oci-mirror/pkg/release/core-cincinnati.go:196.3,196.67 1 1
github.com/lmzuccarelli/golang-oci-mirror/pkg/release/core-cincinnati.go:187.17,189.4 1 0
github.com/lmzuccarelli/golang-oci-mirror/pkg/release/core-cincinnati.go:190.16,195.4 2 0
github.com/lmzuccarelli/golang-oci-mirror/pkg/release/core-cincinnati.go:203.16,205.3 1 1
github.com/lmzuccarelli/golang-oci-mirror/pkg/release/core-cincinnati.go:207.16,209.3 1 1
github.com/lmzuccarelli/golang-oci-mirror/pkg/release/core-cincinnati.go:212.16,214.3 1 1
github.com/lmzuccarelli/golang-oci-mirror/pkg/release/core-cincinnati.go:219.35,220.40 1 1
github.com/lmzuccarelli/golang-oci-mirror/pkg/release/core-cincinnati.go:220.40,223.4 2 1
github.com/lmzuccarelli/golang-oci-mirror/pkg/release/core-cincinnati.go:231.172,233.16 2 1
github.com/lmzuccarelli/golang-oci-mirror/pkg/release/core-cincinnati.go:238.2,242.23 4 1
github.com/lmzuccarelli/golang-oci-mirror/pkg/release/core-cincinnati.go:256.2,257.16 2 1
github.com/lmzuccarelli/golang-oci-mirror/pkg/release/core-cincinnati.go:260.2,260.15 1 1
github.com/lmzuccarelli/golang-oci-mirror/pkg/release/core-cincinnati.go:269.2,271.16 3 1
github.com/lmzuccarelli/golang-oci-mirror/pkg/release/core-cincinnati.go:275.2,275.23 1 1
github.com/lmzuccarelli/golang-oci-mirror/pkg/release/core-cincinnati.go:279.2,280.16 2 1
github.com/lmzuccarelli/golang-oci-mirror/pkg/release/core-cincinnati.go:283.2,286.33 3 1
github.com/lmzuccarelli/golang-oci-mirror/pkg/release/core-cincinnati.go:233.16,235.3 1 0
github.com/lmzuccarelli/golang-oci-mirror/pkg/release/core-cincinnati.go:242.23,249.3 2 1
github.com/lmzuccarelli/golang-oci-mirror/pkg/release/core-cincinnati.go:249.8,251.17 2 1
github.com/lmzuccarelli/golang-oci-mirror/pkg/release/core-cincinnati.go:251.17,253.4 1 0
github.com/lmzuccarelli/golang-oci-mirror/pkg/release/core-cincinnati.go:257.16,259.3 1 0
github.com/lmzuccarelli/golang-oci-mirror/pkg/release/core-cincinnati.go:260.15,267.3 3 1
github.com/lmzuccarelli/golang-oci-mirror/pkg/release/core-cincinnati.go:271.16,273.3 1 0
github.com/lmzuccarelli/golang-oci-mirror/pkg/release/core-cincinnati.go:275.23,277.3 1 1
github.com/lmzuccarelli/golang-oci-mirror/pkg/release/core-cincinnati.go:280.16,282.3 1 0
github.com/lmzuccarelli/golang-oci-mirror/pkg/release/core-cincinnati.go:291.123,293.16 2 1
github.com/lmzuccarelli/golang-oci-mirror/pkg/release/core-cincinnati.go:296.2,296.33 1 1
github.com/lmzuccarelli/golang-oci-mirror/pkg/release/core-cincinnati.go:301.2,301.18 1 1
github.com/lmzuccarelli/golang-oci-mirror/pkg/release/core-cincinnati.go:293.16,295.3 1 0
github.com/lmzuccarelli/golang-oci-mirror/pkg/release/core-cincinnati.go:296.33,297.21 1 1
github.com/lmzuccarelli/golang-oci-mirror/pkg/release/core-cincinnati.go:297.21,299.4 1 1
github.com/lmzuccarelli/golang-oci-mirror/pkg/release/core-cincinnati.go:306.123,309.21 2 1
github.com/lmzuccarelli/golang-oci-mirror/pkg/release/core-cincinnati.go:312.2,313.21 2 1
github.com/lmzuccarelli/golang-oci-mirror/pkg/release/core-cincinnati.go:316.2,317.16 2 1
github.com/lmzuccarelli/golang-oci-mirror/pkg/release/core-cincinnati.go:320.2,321.16 2 1
github.com/lmzuccarelli/golang-oci-mirror/pkg/release/core-cincinnati.go:324.2,325.36 2 1
github.com/lmzuccarelli/golang-oci-mirror/pkg/release/core-cincinnati.go:309.21,311.3 1 0
github.com/lmzuccarelli/golang-oci-mirror/pkg/release/core-cincinnati.go:313.21,315.3 1 1
github.com/lmzuccarelli/golang-oci-mirror/pkg/release/core-cincinnati.go:317.16,319.3 1 0
github.com/lmzuccarelli/golang-oci-mirror/pkg/release/core-cincinnati.go:321.16,323.3 1 0
github.com/lmzuccarelli/golang-oci-mirror/pkg/release/core-cincinnati.go:330.119,335.16 3 1
github.com/lmzuccarelli/golang-oci-mirror/pkg/release/core-cincinnati.go:344.2,345.75 2 1
github.com/lmzuccarelli/golang-oci-mirror/pkg/release/core-cincinnati.go:357.2,358.35 2 1
github.com/lmzuccarelli/golang-oci-mirror/pkg/release/core-cincinnati.go:364.2,366.20 2 1
github.com/lmzuccarelli/golang-oci-mirror/pkg/release/core-cincinnati.go:373.2,373.9 1 1
github.com/lmzuccarelli/golang-oci-mirror/pkg/release/core-cincinnati.go:377.2,377.31 1 1
github.com/lmzuccarelli/golang-oci-mirror/pkg/release/core-cincinnati.go:335.16,341.3 1 0
github.com/lmzuccarelli/golang-oci-mirror/pkg/release/core-cincinnati.go:345.75,348.17 3 0
github.com/lmzuccarelli/golang-oci-mirror/pkg/release/core-cincinnati.go:348.17,354.4 1 0
github.com/lmzuccarelli/golang-oci-mirror/pkg/release/core-cincinnati.go:358.35,359.81 1 1
github.com/lmzuccarelli/golang-oci-mirror/pkg/release/core-cincinnati.go:359.81,361.4 1 1
github.com/lmzuccarelli/golang-oci-mirror/pkg/release/core-cincinnati.go:366.20,371.3 1 1
github.com/lmzuccarelli/golang-oci-mirror/pkg/release/core-cincinnati.go:373.9,375.3 1 1
github.com/lmzuccarelli/golang-oci-mirror/pkg/release/core-cincinnati.go:382.94,387.16 3 0
github.com/lmzuccarelli/golang-oci-mirror/pkg/release/core-cincinnati.go:395.2,397.35 2 0
github.com/lmzuccarelli/golang-oci-mirror/pkg/release/core-cincinnati.go:405.2,405.22 1 0
github.com/lmzuccarelli/golang-oci-mirror/pkg/release/core-cincinnati.go:387.16,393.3 1 0
github.com/lmzuccarelli/golang-oci-mirror/pkg/release/core-cincinnati.go:397.35,400.52 2 0
github.com/lmzuccarelli/golang-oci-mirror/pkg/release/core-cincinnati.go:400.52,402.4 1 0
github.com/lmzuccarelli/golang-oci-mirror/pkg/release/core-cincinnati.go:410.97,415.16 3 1
github.com/lmzuccarelli/golang-oci-mirror/pkg/release/core-cincinnati.go:423.2,424.35 2 1
github.com/lmzuccarelli/golang-oci-mirror/pkg/release/core-cincinnati.go:429.2,429.20 1 1
github.com/lmzuccarelli/golang-oci-mirror/pkg/release/core-cincinnati.go:436.2,438.18 2 1
github.com/lmzuccarelli/golang-oci-mirror/pkg/release/core-cincinnati.go:415.16,421.3 1 0
github.com/lmzuccarelli/golang-oci-mirror/pkg/release/core-cincinnati.go:424.35,427.3 1 1
github.com/lmzuccarelli/golang-oci-mirror/pkg/release/core-cincinnati.go:429.20,434.3 1 1
github.com/lmzuccarelli/golang-oci-mirror/pkg/release/core-cincinnati.go:442.121,447.16 3 1
github.com/lmzuccarelli/golang-oci-mirror/pkg/release/core-cincinnati.go:456.2,457.35 2 1
github.com/lmzuccarelli/golang-oci-mirror/pkg/release/core-cincinnati.go:463.2,463.21 1 1
github.com/lmzuccarelli/golang-oci-mirror/pkg/release/core-cincinnati.go:447.16,453.3 1 0
github.com/lmzuccarelli/golang-oci-mirror/pkg/release/core-cincinnati.go:457.35,458.32 1 1
github.com/lmzuccarelli/golang-oci-mirror/pkg/release/core-cincinnati.go:458.32,460.4 1 1
github.com/lmzuccarelli/golang-oci-mirror/pkg/release/core-cincinnati.go:467.75,472.16 4 1
github.com/lmzuccarelli/golang-oci-mirror/pkg/release/core-cincinnati.go:475.2,476.58 2 1
github.com/lmzuccarelli/golang-oci-mirror/pkg/release/core-cincinnati.go:484.2,484.48 1 1
github.com/lmzuccarelli/golang-oci-mirror/pkg/release/core-cincinnati.go:491.2,492.22 2 1
github.com/lmzuccarelli/golang-oci-mirror/pkg/release/core-cincinnati.go:495.2,498.16 4 1
github.com/lmzuccarelli/golang-oci-mirror/pkg/release/core-cincinnati.go:501.2,503.38 2 1
github.com/lmzuccarelli/golang-oci-mirror/pkg/release/core-cincinnati.go:508.2,509.16 2 1
github.com/lmzuccarelli/golang-oci-mirror/pkg/release/core-cincinnati.go:513.2,513.52 1 1
github.com/lmzuccarelli/golang-oci-mirror/pkg/release/core-cincinnati.go:517.2,517.19 1 1
github.com/lmzuccarelli/golang-oci-mirror/pkg/release/core-cincinnati.go:472.16,474.3 1 0
github.com/lmzuccarelli/golang-oci-mirror/pkg/release/core-cincinnati.go:476.58,477.56 1 1
github.com/lmzuccarelli/golang-oci-mirror/pkg/release/core-cincinnati.go:477.56,479.4 1 1
github.com/lmzuccarelli/golang-oci-mirror/pkg/release/core-cincinnati.go:484.48,486.33 2 1
github.com/lmzuccarelli/golang-oci-mirror/pkg/release/core-cincinnati.go:486.33,488.4 1 0
github.com/lmzuccarelli/golang-oci-mirror/pkg/release/core-cincinnati.go:492.22,494.3 1 1
github.com/lmzuccarelli/golang-oci-mirror/pkg/release/core-cincinnati.go:498.16,500.3 1 0
github.com/lmzuccarelli/golang-oci-mirror/pkg/release/core-cincinnati.go:503.38,505.3 1 0
github.com/lmzuccarelli/golang-oci-mirror/pkg/release/core-cincinnati.go:509.16,511.3 1 0
github.com/lmzuccarelli/golang-oci-mirror/pkg/release/core-cincinnati.go:513.52,515.3 1 0
github.com/lmzuccarelli/golang-oci-mirror/pkg/release/core-cincinnati.go:539.49,541.54 2 1
github.com/lmzuccarelli/golang-oci-mirror/pkg/release/core-cincinnati.go:545.2,545.22 1 1
github.com/lmzuccarelli/golang-oci-mirror/pkg/release/core-cincinnati.go:549.2,552.12 3 1
github.com/lmzuccarelli/golang-oci-mirror/pkg/release/core-cincinnati.go:541.54,543.3 1 0
github.com/lmzuccarelli/golang-oci-mirror/pkg/release/core-cincinnati.go:545.22,547.3 1 0
github.com/lmzuccarelli/golang-oci-mirror/pkg/release/find.go:16.96,18.16 2 1
github.com/lmzuccarelli/golang-oci-mirror/pkg/release/find.go:22.2,23.22 2 1
github.com/lmzuccarelli/golang-oci-mirror/pkg/release/find.go:26.2,26.9 1 1
github.com/lmzuccarelli/golang-oci-mirror/pkg/release/find.go:36.2,36.56 1 1
github.com/lmzuccarelli/golang-oci-mirror/pkg/release/find.go:18.16,20.3 1 1
github.com/lmzuccarelli/golang-oci-mirror/pkg/release/find.go:23.22,25.3 1 1
github.com/lmzuccarelli/golang-oci-mirror/pkg/release/find.go:26.9,27.40 1 1
github.com/lmzuccarelli/golang-oci-mirror/pkg/release/find.go:27.40,29.4 1 1
github.com/lmzuccarelli/golang-oci-mirror/pkg/release/find.go:30.8,31.40 1 1
github.com/lmzuccarelli/golang-oci-mirror/pkg/release/find.go:31.40,33.4 1 1
github.com/lmzuccarelli/golang-oci-mirror/pkg/release/find.go:39.100,41.24 2 1
github.com/lmzuccarelli/golang-oci-mirror/pkg/release/find.go:45.2,45.30 1 1
github.com/lmzuccarelli/golang-oci-mirror/pkg/release/find.go:58.2,58.18 1 1
github.com/lmzuccarelli/golang-oci-mirror/pkg/release/find.go:41.24,43.3 1 1
github.com/lmzuccarelli/golang-oci-mirror/pkg/release/find.go:45.30,48.10 2 1
github.com/lmzuccarelli/golang-oci-mirror/pkg/release/find.go:51.3,52.17 2 1
github.com/lmzuccarelli/golang-oci-mirror/pkg/release/find.go:55.3,55.28 1 1
github.com/lmzuccarelli/golang-oci-mirror/pkg/release/find.go:48.10,50.4 1 1
github.com/lmzuccarelli/golang-oci-mirror/pkg/release/find.go:52.17,54.4 1 0
