mode: set
github.com/lmzuccarelli/golang-oci-mirror/pkg/log/logger.go:24.49,26.2 1 1
github.com/lmzuccarelli/golang-oci-mirror/pkg/log/logger.go:29.65,31.2 1 1
github.com/lmzuccarelli/golang-oci-mirror/pkg/log/logger.go:34.64,36.2 1 1
github.com/lmzuccarelli/golang-oci-mirror/pkg/log/logger.go:39.65,41.2 1 1
github.com/lmzuccarelli/golang-oci-mirror/pkg/log/logger.go:44.65,46.2 1 1
github.com/lmzuccarelli/golang-oci-mirror/pkg/config/defaults.go:9.52,11.2 1 1
github.com/lmzuccarelli/golang-oci-mirror/pkg/config/defaults.go:13.72,14.91 1 1
github.com/lmzuccarelli/golang-oci-mirror/pkg/config/defaults.go:14.91,16.3 1 1
github.com/lmzuccarelli/golang-oci-mirror/pkg/config/load.go:22.82,25.16 2 1
github.com/lmzuccarelli/golang-oci-mirror/pkg/config/load.go:28.2,30.16 2 1
github.com/lmzuccarelli/golang-oci-mirror/pkg/config/load.go:34.2,34.37 1 1
github.com/lmzuccarelli/golang-oci-mirror/pkg/config/load.go:44.2,46.24 2 1
github.com/lmzuccarelli/golang-oci-mirror/pkg/config/load.go:25.16,27.3 1 0
github.com/lmzuccarelli/golang-oci-mirror/pkg/config/load.go:30.16,32.3 1 0
github.com/lmzuccarelli/golang-oci-mirror/pkg/config/load.go:35.74,37.17 2 1
github.com/lmzuccarelli/golang-oci-mirror/pkg/config/load.go:40.10,41.85 1 0
github.com/lmzuccarelli/golang-oci-mirror/pkg/config/load.go:37.17,39.4 1 0
github.com/lmzuccarelli/golang-oci-mirror/pkg/config/load.go:50.76,54.51 2 1
github.com/lmzuccarelli/golang-oci-mirror/pkg/config/load.go:58.2,60.39 3 1
github.com/lmzuccarelli/golang-oci-mirror/pkg/config/load.go:64.2,66.15 2 1
github.com/lmzuccarelli/golang-oci-mirror/pkg/config/load.go:54.51,56.3 1 0
github.com/lmzuccarelli/golang-oci-mirror/pkg/config/load.go:60.39,62.3 1 1
github.com/lmzuccarelli/golang-oci-mirror/pkg/config/load.go:70.65,76.39 4 1
github.com/lmzuccarelli/golang-oci-mirror/pkg/config/load.go:80.2,82.15 2 1
github.com/lmzuccarelli/golang-oci-mirror/pkg/config/load.go:76.39,78.3 1 1
github.com/lmzuccarelli/golang-oci-mirror/pkg/config/load.go:85.69,86.56 1 1
github.com/lmzuccarelli/golang-oci-mirror/pkg/config/load.go:89.2,89.22 1 1
github.com/lmzuccarelli/golang-oci-mirror/pkg/config/load.go:86.56,88.3 1 0
github.com/lmzuccarelli/golang-oci-mirror/pkg/config/validate.go:16.58,18.41 2 1
github.com/lmzuccarelli/golang-oci-mirror/pkg/config/validate.go:23.2,23.38 1 1
github.com/lmzuccarelli/golang-oci-mirror/pkg/config/validate.go:18.41,19.36 1 1
github.com/lmzuccarelli/golang-oci-mirror/pkg/config/validate.go:19.36,21.4 1 1
github.com/lmzuccarelli/golang-oci-mirror/pkg/config/validate.go:26.73,28.44 2 1
github.com/lmzuccarelli/golang-oci-mirror/pkg/config/validate.go:40.2,40.12 1 1
github.com/lmzuccarelli/golang-oci-mirror/pkg/config/validate.go:28.44,30.17 2 1
github.com/lmzuccarelli/golang-oci-mirror/pkg/config/validate.go:33.3,33.21 1 1
github.com/lmzuccarelli/golang-oci-mirror/pkg/config/validate.go:38.3,38.24 1 1
github.com/lmzuccarelli/golang-oci-mirror/pkg/config/validate.go:30.17,32.4 1 0
github.com/lmzuccarelli/golang-oci-mirror/pkg/config/validate.go:33.21,37.4 1 1
github.com/lmzuccarelli/golang-oci-mirror/pkg/config/validate.go:43.73,45.55 2 1
github.com/lmzuccarelli/golang-oci-mirror/pkg/config/validate.go:53.2,53.12 1 1
github.com/lmzuccarelli/golang-oci-mirror/pkg/config/validate.go:45.55,46.25 1 1
github.com/lmzuccarelli/golang-oci-mirror/pkg/config/validate.go:51.3,51.28 1 1
github.com/lmzuccarelli/golang-oci-mirror/pkg/config/validate.go:46.25,50.4 1 1
github.com/lmzuccarelli/golang-oci-mirror/pkg/manifest/oci-manifest.go:40.63,42.2 1 0
github.com/lmzuccarelli/golang-oci-mirror/pkg/manifest/oci-manifest.go:45.75,48.16 3 1
github.com/lmzuccarelli/golang-oci-mirror/pkg/manifest/oci-manifest.go:51.2,52.16 2 1
github.com/lmzuccarelli/golang-oci-mirror/pkg/manifest/oci-manifest.go:55.2,55.17 1 1
github.com/lmzuccarelli/golang-oci-mirror/pkg/manifest/oci-manifest.go:48.16,50.3 1 0
github.com/lmzuccarelli/golang-oci-mirror/pkg/manifest/oci-manifest.go:52.16,54.3 1 0
github.com/lmzuccarelli/golang-oci-mirror/pkg/manifest/oci-manifest.go:60.79,63.16 3 1
github.com/lmzuccarelli/golang-oci-mirror/pkg/manifest/oci-manifest.go:66.2,67.16 2 1
github.com/lmzuccarelli/golang-oci-mirror/pkg/manifest/oci-manifest.go:70.2,70.17 1 1
github.com/lmzuccarelli/golang-oci-mirror/pkg/manifest/oci-manifest.go:63.16,65.3 1 0
github.com/lmzuccarelli/golang-oci-mirror/pkg/manifest/oci-manifest.go:67.16,69.3 1 0
github.com/lmzuccarelli/golang-oci-mirror/pkg/manifest/oci-manifest.go:74.91,77.16 3 1
github.com/lmzuccarelli/golang-oci-mirror/pkg/manifest/oci-manifest.go:80.2,81.16 2 1
github.com/lmzuccarelli/golang-oci-mirror/pkg/manifest/oci-manifest.go:84.2,84.17 1 1
github.com/lmzuccarelli/golang-oci-mirror/pkg/manifest/oci-manifest.go:77.16,79.3 1 0
github.com/lmzuccarelli/golang-oci-mirror/pkg/manifest/oci-manifest.go:81.16,83.3 1 0
github.com/lmzuccarelli/golang-oci-mirror/pkg/manifest/oci-manifest.go:89.116,92.16 3 1
github.com/lmzuccarelli/golang-oci-mirror/pkg/manifest/oci-manifest.go:95.2,95.29 1 1
github.com/lmzuccarelli/golang-oci-mirror/pkg/manifest/oci-manifest.go:111.2,111.27 1 1
github.com/lmzuccarelli/golang-oci-mirror/pkg/manifest/oci-manifest.go:92.16,94.3 1 0
github.com/lmzuccarelli/golang-oci-mirror/pkg/manifest/oci-manifest.go:95.29,99.17 2 1
github.com/lmzuccarelli/golang-oci-mirror/pkg/manifest/oci-manifest.go:102.3,103.17 2 1
github.com/lmzuccarelli/golang-oci-mirror/pkg/manifest/oci-manifest.go:107.3,107.24 1 1
github.com/lmzuccarelli/golang-oci-mirror/pkg/manifest/oci-manifest.go:99.17,101.4 1 0
github.com/lmzuccarelli/golang-oci-mirror/pkg/manifest/oci-manifest.go:103.17,105.4 1 0
github.com/lmzuccarelli/golang-oci-mirror/pkg/manifest/oci-manifest.go:107.24,109.4 1 1
github.com/lmzuccarelli/golang-oci-mirror/pkg/manifest/oci-manifest.go:115.181,117.34 2 1
github.com/lmzuccarelli/golang-oci-mirror/pkg/manifest/oci-manifest.go:135.2,135.27 1 1
github.com/lmzuccarelli/golang-oci-mirror/pkg/manifest/oci-manifest.go:117.34,121.17 2 1
github.com/lmzuccarelli/golang-oci-mirror/pkg/manifest/oci-manifest.go:125.3,126.17 2 1
github.com/lmzuccarelli/golang-oci-mirror/pkg/manifest/oci-manifest.go:130.3,130.24 1 1
github.com/lmzuccarelli/golang-oci-mirror/pkg/manifest/oci-manifest.go:133.3,133.50 1 1
github.com/lmzuccarelli/golang-oci-mirror/pkg/manifest/oci-manifest.go:121.17,123.4 1 0
github.com/lmzuccarelli/golang-oci-mirror/pkg/manifest/oci-manifest.go:126.17,128.4 1 0
github.com/lmzuccarelli/golang-oci-mirror/pkg/manifest/oci-manifest.go:130.24,132.4 1 1
github.com/lmzuccarelli/golang-oci-mirror/pkg/manifest/oci-manifest.go:139.100,140.34 1 1
github.com/lmzuccarelli/golang-oci-mirror/pkg/manifest/oci-manifest.go:153.2,153.12 1 1
github.com/lmzuccarelli/golang-oci-mirror/pkg/manifest/oci-manifest.go:140.34,141.47 1 1
github.com/lmzuccarelli/golang-oci-mirror/pkg/manifest/oci-manifest.go:144.3,145.17 2 1
github.com/lmzuccarelli/golang-oci-mirror/pkg/manifest/oci-manifest.go:148.3,149.17 2 1
github.com/lmzuccarelli/golang-oci-mirror/pkg/manifest/oci-manifest.go:141.47,143.4 1 0
github.com/lmzuccarelli/golang-oci-mirror/pkg/manifest/oci-manifest.go:145.17,147.4 1 0
github.com/lmzuccarelli/golang-oci-mirror/pkg/manifest/oci-manifest.go:149.17,151.4 1 0
github.com/lmzuccarelli/golang-oci-mirror/pkg/manifest/oci-manifest.go:157.87,162.16 4 1
github.com/lmzuccarelli/golang-oci-mirror/pkg/manifest/oci-manifest.go:166.2,167.41 2 1
github.com/lmzuccarelli/golang-oci-mirror/pkg/manifest/oci-manifest.go:170.2,170.23 1 1
github.com/lmzuccarelli/golang-oci-mirror/pkg/manifest/oci-manifest.go:162.16,164.3 1 0
github.com/lmzuccarelli/golang-oci-mirror/pkg/manifest/oci-manifest.go:167.41,169.3 1 1
github.com/lmzuccarelli/golang-oci-mirror/pkg/manifest/oci-manifest.go:174.72,179.16 4 1
github.com/lmzuccarelli/golang-oci-mirror/pkg/manifest/oci-manifest.go:183.2,184.6 2 1
github.com/lmzuccarelli/golang-oci-mirror/pkg/manifest/oci-manifest.go:219.2,219.12 1 1
github.com/lmzuccarelli/golang-oci-mirror/pkg/manifest/oci-manifest.go:179.16,181.3 1 0
github.com/lmzuccarelli/golang-oci-mirror/pkg/manifest/oci-manifest.go:184.6,187.20 2 1
github.com/lmzuccarelli/golang-oci-mirror/pkg/manifest/oci-manifest.go:191.3,191.17 1 1
github.com/lmzuccarelli/golang-oci-mirror/pkg/manifest/oci-manifest.go:195.3,195.48 1 1
github.com/lmzuccarelli/golang-oci-mirror/pkg/manifest/oci-manifest.go:187.20,188.9 1 1
github.com/lmzuccarelli/golang-oci-mirror/pkg/manifest/oci-manifest.go:191.17,193.4 1 0
github.com/lmzuccarelli/golang-oci-mirror/pkg/manifest/oci-manifest.go:195.48,196.27 1 1
github.com/lmzuccarelli/golang-oci-mirror/pkg/manifest/oci-manifest.go:197.21,198.28 1 1
github.com/lmzuccarelli/golang-oci-mirror/pkg/manifest/oci-manifest.go:203.21,205.19 2 1
github.com/lmzuccarelli/golang-oci-mirror/pkg/manifest/oci-manifest.go:208.5,208.58 1 1
github.com/lmzuccarelli/golang-oci-mirror/pkg/manifest/oci-manifest.go:211.5,211.20 1 1
github.com/lmzuccarelli/golang-oci-mirror/pkg/manifest/oci-manifest.go:213.12,215.81 1 0
github.com/lmzuccarelli/golang-oci-mirror/pkg/manifest/oci-manifest.go:198.28,199.68 1 1
github.com/lmzuccarelli/golang-oci-mirror/pkg/manifest/oci-manifest.go:199.68,201.7 1 0
github.com/lmzuccarelli/golang-oci-mirror/pkg/manifest/oci-manifest.go:205.19,207.6 1 0
github.com/lmzuccarelli/golang-oci-mirror/pkg/manifest/oci-manifest.go:208.58,210.6 1 0
github.com/lmzuccarelli/golang-oci-mirror/pkg/manifest/oci-manifest.go:224.77,230.16 3 1
github.com/lmzuccarelli/golang-oci-mirror/pkg/manifest/oci-manifest.go:233.2,236.16 4 1
github.com/lmzuccarelli/golang-oci-mirror/pkg/manifest/oci-manifest.go:239.2,239.17 1 1
github.com/lmzuccarelli/golang-oci-mirror/pkg/manifest/oci-manifest.go:230.16,232.3 1 0
github.com/lmzuccarelli/golang-oci-mirror/pkg/manifest/oci-manifest.go:236.16,238.3 1 0
github.com/lmzuccarelli/golang-oci-mirror/pkg/manifest/oci-manifest.go:244.151,251.26 4 1
github.com/lmzuccarelli/golang-oci-mirror/pkg/manifest/oci-manifest.go:274.2,274.27 1 1
github.com/lmzuccarelli/golang-oci-mirror/pkg/manifest/oci-manifest.go:251.26,252.10 1 1
github.com/lmzuccarelli/golang-oci-mirror/pkg/manifest/oci-manifest.go:253.36,254.34 1 1
github.com/lmzuccarelli/golang-oci-mirror/pkg/manifest/oci-manifest.go:263.35,264.25 1 1
github.com/lmzuccarelli/golang-oci-mirror/pkg/manifest/oci-manifest.go:269.36,271.39 2 1
github.com/lmzuccarelli/golang-oci-mirror/pkg/manifest/oci-manifest.go:254.34,258.19 4 1
github.com/lmzuccarelli/golang-oci-mirror/pkg/manifest/oci-manifest.go:261.5,261.25 1 1
github.com/lmzuccarelli/golang-oci-mirror/pkg/manifest/oci-manifest.go:258.19,260.6 1 0
github.com/lmzuccarelli/golang-oci-mirror/pkg/manifest/oci-manifest.go:264.25,268.5 3 1
github.com/lmzuccarelli/golang-oci-mirror/pkg/manifest/oci-manifest.go:279.168,284.26 3 1
github.com/lmzuccarelli/golang-oci-mirror/pkg/manifest/oci-manifest.go:317.2,317.27 1 1
github.com/lmzuccarelli/golang-oci-mirror/pkg/manifest/oci-manifest.go:284.26,285.10 1 1
github.com/lmzuccarelli/golang-oci-mirror/pkg/manifest/oci-manifest.go:286.36,287.28 1 1
github.com/lmzuccarelli/golang-oci-mirror/pkg/manifest/oci-manifest.go:306.35,307.25 1 1
github.com/lmzuccarelli/golang-oci-mirror/pkg/manifest/oci-manifest.go:312.36,314.38 2 1
github.com/lmzuccarelli/golang-oci-mirror/pkg/manifest/oci-manifest.go:287.28,288.32 1 1
github.com/lmzuccarelli/golang-oci-mirror/pkg/manifest/oci-manifest.go:288.32,291.20 3 1
github.com/lmzuccarelli/golang-oci-mirror/pkg/manifest/oci-manifest.go:294.6,294.29 1 1
github.com/lmzuccarelli/golang-oci-mirror/pkg/manifest/oci-manifest.go:291.20,293.7 1 0
github.com/lmzuccarelli/golang-oci-mirror/pkg/manifest/oci-manifest.go:294.29,296.7 1 0
github.com/lmzuccarelli/golang-oci-mirror/pkg/manifest/oci-manifest.go:298.10,300.19 2 1
github.com/lmzuccarelli/golang-oci-mirror/pkg/manifest/oci-manifest.go:303.5,304.25 2 1
github.com/lmzuccarelli/golang-oci-mirror/pkg/manifest/oci-manifest.go:300.19,302.6 1 0
github.com/lmzuccarelli/golang-oci-mirror/pkg/manifest/oci-manifest.go:307.25,311.5 3 1
github.com/lmzuccarelli/golang-oci-mirror/pkg/manifest/oci-manifest.go:321.69,324.29 3 1
github.com/lmzuccarelli/golang-oci-mirror/pkg/manifest/oci-manifest.go:343.2,343.33 1 1
github.com/lmzuccarelli/golang-oci-mirror/pkg/manifest/oci-manifest.go:324.29,327.19 2 1
github.com/lmzuccarelli/golang-oci-mirror/pkg/manifest/oci-manifest.go:330.3,334.17 5 1
github.com/lmzuccarelli/golang-oci-mirror/pkg/manifest/oci-manifest.go:338.3,338.32 1 1
github.com/lmzuccarelli/golang-oci-mirror/pkg/manifest/oci-manifest.go:327.19,329.4 1 0
github.com/lmzuccarelli/golang-oci-mirror/pkg/manifest/oci-manifest.go:334.17,336.4 1 0
github.com/lmzuccarelli/golang-oci-mirror/pkg/manifest/oci-manifest.go:338.32,341.4 2 1
github.com/lmzuccarelli/golang-oci-mirror/pkg/manifest/oci-manifest.go:347.90,355.18 5 1
github.com/lmzuccarelli/golang-oci-mirror/pkg/manifest/oci-manifest.go:363.2,363.18 1 1
github.com/lmzuccarelli/golang-oci-mirror/pkg/manifest/oci-manifest.go:372.2,372.28 1 1
github.com/lmzuccarelli/golang-oci-mirror/pkg/manifest/oci-manifest.go:389.2,389.21 1 1
github.com/lmzuccarelli/golang-oci-mirror/pkg/manifest/oci-manifest.go:355.18,357.17 2 1
github.com/lmzuccarelli/golang-oci-mirror/pkg/manifest/oci-manifest.go:357.17,359.4 1 0
github.com/lmzuccarelli/golang-oci-mirror/pkg/manifest/oci-manifest.go:360.8,362.3 1 0
github.com/lmzuccarelli/golang-oci-mirror/pkg/manifest/oci-manifest.go:363.18,365.17 2 1
github.com/lmzuccarelli/golang-oci-mirror/pkg/manifest/oci-manifest.go:365.17,367.4 1 0
github.com/lmzuccarelli/golang-oci-mirror/pkg/manifest/oci-manifest.go:368.8,370.3 1 0
github.com/lmzuccarelli/golang-oci-mirror/pkg/manifest/oci-manifest.go:372.28,375.19 2 1
github.com/lmzuccarelli/golang-oci-mirror/pkg/manifest/oci-manifest.go:378.3,382.17 5 1
github.com/lmzuccarelli/golang-oci-mirror/pkg/manifest/oci-manifest.go:385.3,385.75 1 1
github.com/lmzuccarelli/golang-oci-mirror/pkg/manifest/oci-manifest.go:375.19,377.4 1 0
github.com/lmzuccarelli/golang-oci-mirror/pkg/manifest/oci-manifest.go:382.17,384.4 1 0
github.com/lmzuccarelli/golang-oci-mirror/pkg/manifest/oci-manifest.go:385.75,387.4 1 0
github.com/lmzuccarelli/golang-oci-mirror/pkg/mirror/mirror.go:41.50,43.2 1 1
github.com/lmzuccarelli/golang-oci-mirror/pkg/mirror/mirror.go:45.42,47.2 1 0
github.com/lmzuccarelli/golang-oci-mirror/pkg/mirror/mirror.go:50.113,52.2 1 1
github.com/lmzuccarelli/golang-oci-mirror/pkg/mirror/mirror.go:54.155,56.2 1 0
github.com/lmzuccarelli/golang-oci-mirror/pkg/mirror/mirror.go:59.113,65.75 3 1
github.com/lmzuccarelli/golang-oci-mirror/pkg/mirror/mirror.go:69.2,70.16 2 1
github.com/lmzuccarelli/golang-oci-mirror/pkg/mirror/mirror.go:73.2,73.15 1 1
github.com/lmzuccarelli/golang-oci-mirror/pkg/mirror/mirror.go:79.2,80.16 2 1
github.com/lmzuccarelli/golang-oci-mirror/pkg/mirror/mirror.go:83.2,84.16 2 1
github.com/lmzuccarelli/golang-oci-mirror/pkg/mirror/mirror.go:88.2,89.16 2 1
github.com/lmzuccarelli/golang-oci-mirror/pkg/mirror/mirror.go:92.2,93.16 2 1
github.com/lmzuccarelli/golang-oci-mirror/pkg/mirror/mirror.go:97.2,98.26 2 1
github.com/lmzuccarelli/golang-oci-mirror/pkg/mirror/mirror.go:119.2,122.16 3 1
github.com/lmzuccarelli/golang-oci-mirror/pkg/mirror/mirror.go:126.2,127.41 2 1
github.com/lmzuccarelli/golang-oci-mirror/pkg/mirror/mirror.go:131.2,131.29 1 1
github.com/lmzuccarelli/golang-oci-mirror/pkg/mirror/mirror.go:138.2,138.14 1 1
github.com/lmzuccarelli/golang-oci-mirror/pkg/mirror/mirror.go:142.2,142.66 1 1
github.com/lmzuccarelli/golang-oci-mirror/pkg/mirror/mirror.go:183.2,183.106 1 1
github.com/lmzuccarelli/golang-oci-mirror/pkg/mirror/mirror.go:186.2,187.35 2 1
github.com/lmzuccarelli/golang-oci-mirror/pkg/mirror/mirror.go:197.2,198.29 2 1
github.com/lmzuccarelli/golang-oci-mirror/pkg/mirror/mirror.go:205.2,225.45 3 1
github.com/lmzuccarelli/golang-oci-mirror/pkg/mirror/mirror.go:65.75,67.3 1 0
github.com/lmzuccarelli/golang-oci-mirror/pkg/mirror/mirror.go:70.16,72.3 1 0
github.com/lmzuccarelli/golang-oci-mirror/pkg/mirror/mirror.go:73.15,74.49 1 1
github.com/lmzuccarelli/golang-oci-mirror/pkg/mirror/mirror.go:74.49,76.4 1 0
github.com/lmzuccarelli/golang-oci-mirror/pkg/mirror/mirror.go:80.16,82.3 1 0
github.com/lmzuccarelli/golang-oci-mirror/pkg/mirror/mirror.go:84.16,86.3 1 0
github.com/lmzuccarelli/golang-oci-mirror/pkg/mirror/mirror.go:89.16,91.3 1 0
github.com/lmzuccarelli/golang-oci-mirror/pkg/mirror/mirror.go:93.16,95.3 1 0
github.com/lmzuccarelli/golang-oci-mirror/pkg/mirror/mirror.go:98.26,100.17 2 1
github.com/lmzuccarelli/golang-oci-mirror/pkg/mirror/mirror.go:100.17,102.4 1 0
github.com/lmzuccarelli/golang-oci-mirror/pkg/mirror/mirror.go:122.16,124.3 1 0
github.com/lmzuccarelli/golang-oci-mirror/pkg/mirror/mirror.go:127.41,129.3 1 0
github.com/lmzuccarelli/golang-oci-mirror/pkg/mirror/mirror.go:131.29,133.17 2 1
github.com/lmzuccarelli/golang-oci-mirror/pkg/mirror/mirror.go:133.17,135.4 1 0
github.com/lmzuccarelli/golang-oci-mirror/pkg/mirror/mirror.go:138.14,140.3 1 0
github.com/lmzuccarelli/golang-oci-mirror/pkg/mirror/mirror.go:142.66,144.3 1 0
github.com/lmzuccarelli/golang-oci-mirror/pkg/mirror/mirror.go:183.106,185.3 1 0
github.com/lmzuccarelli/golang-oci-mirror/pkg/mirror/mirror.go:187.35,189.17 2 1
github.com/lmzuccarelli/golang-oci-mirror/pkg/mirror/mirror.go:192.3,192.17 1 1
github.com/lmzuccarelli/golang-oci-mirror/pkg/mirror/mirror.go:189.17,191.4 1 0
github.com/lmzuccarelli/golang-oci-mirror/pkg/mirror/mirror.go:198.29,200.17 2 0
github.com/lmzuccarelli/golang-oci-mirror/pkg/mirror/mirror.go:200.17,202.4 1 0
github.com/lmzuccarelli/golang-oci-mirror/pkg/mirror/mirror.go:225.45,228.17 2 1
github.com/lmzuccarelli/golang-oci-mirror/pkg/mirror/mirror.go:231.3,231.28 1 1
github.com/lmzuccarelli/golang-oci-mirror/pkg/mirror/mirror.go:240.3,240.13 1 1
github.com/lmzuccarelli/golang-oci-mirror/pkg/mirror/mirror.go:228.17,230.4 1 0
github.com/lmzuccarelli/golang-oci-mirror/pkg/mirror/mirror.go:231.28,233.18 2 1
github.com/lmzuccarelli/golang-oci-mirror/pkg/mirror/mirror.go:236.4,236.94 1 1
github.com/lmzuccarelli/golang-oci-mirror/pkg/mirror/mirror.go:233.18,235.5 1 0
github.com/lmzuccarelli/golang-oci-mirror/pkg/mirror/mirror.go:236.94,238.5 1 0
github.com/lmzuccarelli/golang-oci-mirror/pkg/mirror/mirror.go:245.72,246.19 1 1
github.com/lmzuccarelli/golang-oci-mirror/pkg/mirror/mirror.go:247.16,248.35 1 0
github.com/lmzuccarelli/golang-oci-mirror/pkg/mirror/mirror.go:249.13,250.33 1 1
github.com/lmzuccarelli/golang-oci-mirror/pkg/mirror/mirror.go:254.20,255.38 1 0
github.com/lmzuccarelli/golang-oci-mirror/pkg/mirror/mirror.go:259.10,260.156 1 0
github.com/lmzuccarelli/golang-oci-mirror/pkg/mirror/unshare_linux.go:20.26,25.16 2 0
github.com/lmzuccarelli/golang-oci-mirror/pkg/mirror/unshare_linux.go:28.2,28.41 1 0
github.com/lmzuccarelli/golang-oci-mirror/pkg/mirror/unshare_linux.go:35.2,35.12 1 0
github.com/lmzuccarelli/golang-oci-mirror/pkg/mirror/unshare_linux.go:25.16,27.3 1 0
github.com/lmzuccarelli/golang-oci-mirror/pkg/mirror/unshare_linux.go:28.41,29.51 1 0
github.com/lmzuccarelli/golang-oci-mirror/pkg/mirror/unshare_linux.go:29.51,33.4 2 0
github.com/lmzuccarelli/golang-oci-mirror/pkg/mirror/unshare_linux.go:38.61,40.39 1 1
github.com/lmzuccarelli/golang-oci-mirror/pkg/mirror/unshare_linux.go:48.2,48.12 1 1
github.com/lmzuccarelli/golang-oci-mirror/pkg/mirror/unshare_linux.go:40.39,44.67 2 1
github.com/lmzuccarelli/golang-oci-mirror/pkg/mirror/unshare_linux.go:44.67,46.4 1 0
github.com/lmzuccarelli/golang-oci-mirror/pkg/mirror/util.go:41.76,46.16 1 0
github.com/lmzuccarelli/golang-oci-mirror/pkg/mirror/util.go:50.2,50.62 1 0
github.com/lmzuccarelli/golang-oci-mirror/pkg/mirror/util.go:46.16,48.3 1 0
github.com/lmzuccarelli/golang-oci-mirror/pkg/mirror/util.go:58.119,59.53 1 0
github.com/lmzuccarelli/golang-oci-mirror/pkg/mirror/util.go:59.53,66.3 2 0
github.com/lmzuccarelli/golang-oci-mirror/pkg/mirror/util.go:82.74,83.30 1 1
github.com/lmzuccarelli/golang-oci-mirror/pkg/mirror/util.go:83.30,85.3 1 0
github.com/lmzuccarelli/golang-oci-mirror/pkg/mirror/util.go:90.77,96.2 5 1
github.com/lmzuccarelli/golang-oci-mirror/pkg/mirror/util.go:105.62,110.2 4 1
github.com/lmzuccarelli/golang-oci-mirror/pkg/mirror/util.go:139.190,149.22 3 1
github.com/lmzuccarelli/golang-oci-mirror/pkg/mirror/util.go:153.2,156.28 4 1
github.com/lmzuccarelli/golang-oci-mirror/pkg/mirror/util.go:162.2,166.19 5 1
github.com/lmzuccarelli/golang-oci-mirror/pkg/mirror/util.go:149.22,152.3 1 1
github.com/lmzuccarelli/golang-oci-mirror/pkg/mirror/util.go:156.28,161.3 2 1
github.com/lmzuccarelli/golang-oci-mirror/pkg/mirror/util.go:170.184,178.2 6 1
github.com/lmzuccarelli/golang-oci-mirror/pkg/mirror/util.go:180.51,185.2 4 1
github.com/lmzuccarelli/golang-oci-mirror/pkg/mirror/util.go:188.81,191.25 3 1
github.com/lmzuccarelli/golang-oci-mirror/pkg/mirror/util.go:198.2,198.16 1 1
github.com/lmzuccarelli/golang-oci-mirror/pkg/mirror/util.go:201.2,201.43 1 1
github.com/lmzuccarelli/golang-oci-mirror/pkg/mirror/util.go:191.25,193.3 1 1
github.com/lmzuccarelli/golang-oci-mirror/pkg/mirror/util.go:193.8,193.34 1 0
github.com/lmzuccarelli/golang-oci-mirror/pkg/mirror/util.go:193.34,195.3 1 0
github.com/lmzuccarelli/golang-oci-mirror/pkg/mirror/util.go:195.8,197.3 1 0
github.com/lmzuccarelli/golang-oci-mirror/pkg/mirror/util.go:198.16,200.3 1 0
github.com/lmzuccarelli/golang-oci-mirror/pkg/mirror/util.go:206.90,208.41 2 1
github.com/lmzuccarelli/golang-oci-mirror/pkg/mirror/util.go:211.2,211.29 1 1
github.com/lmzuccarelli/golang-oci-mirror/pkg/mirror/util.go:214.2,214.20 1 1
github.com/lmzuccarelli/golang-oci-mirror/pkg/mirror/util.go:208.42,210.3 0 1
github.com/lmzuccarelli/golang-oci-mirror/pkg/mirror/util.go:211.29,213.3 1 0
github.com/lmzuccarelli/golang-oci-mirror/pkg/mirror/util.go:219.68,230.21 2 1
github.com/lmzuccarelli/golang-oci-mirror/pkg/mirror/util.go:233.2,233.12 1 1
github.com/lmzuccarelli/golang-oci-mirror/pkg/mirror/util.go:230.21,232.3 1 1
github.com/lmzuccarelli/golang-oci-mirror/pkg/mirror/util.go:238.76,247.52 7 1
github.com/lmzuccarelli/golang-oci-mirror/pkg/mirror/util.go:250.2,250.85 1 1
github.com/lmzuccarelli/golang-oci-mirror/pkg/mirror/util.go:254.2,254.30 1 1
github.com/lmzuccarelli/golang-oci-mirror/pkg/mirror/util.go:257.2,257.30 1 1
github.com/lmzuccarelli/golang-oci-mirror/pkg/mirror/util.go:260.2,260.48 1 1
github.com/lmzuccarelli/golang-oci-mirror/pkg/mirror/util.go:263.2,263.45 1 1
github.com/lmzuccarelli/golang-oci-mirror/pkg/mirror/util.go:266.2,266.59 1 1
github.com/lmzuccarelli/golang-oci-mirror/pkg/mirror/util.go:270.2,270.56 1 1
github.com/lmzuccarelli/golang-oci-mirror/pkg/mirror/util.go:276.2,276.32 1 1
github.com/lmzuccarelli/golang-oci-mirror/pkg/mirror/util.go:288.2,288.34 1 1
github.com/lmzuccarelli/golang-oci-mirror/pkg/mirror/util.go:291.2,291.18 1 1
github.com/lmzuccarelli/golang-oci-mirror/pkg/mirror/util.go:295.2,295.17 1 1
github.com/lmzuccarelli/golang-oci-mirror/pkg/mirror/util.go:247.52,249.3 1 0
github.com/lmzuccarelli/golang-oci-mirror/pkg/mirror/util.go:250.85,253.3 1 0
github.com/lmzuccarelli/golang-oci-mirror/pkg/mirror/util.go:254.30,256.3 1 0
github.com/lmzuccarelli/golang-oci-mirror/pkg/mirror/util.go:257.30,259.3 1 0
github.com/lmzuccarelli/golang-oci-mirror/pkg/mirror/util.go:260.48,262.3 1 0
github.com/lmzuccarelli/golang-oci-mirror/pkg/mirror/util.go:263.45,265.3 1 0
github.com/lmzuccarelli/golang-oci-mirror/pkg/mirror/util.go:266.59,268.3 1 0
github.com/lmzuccarelli/golang-oci-mirror/pkg/mirror/util.go:270.56,271.30 1 0
github.com/lmzuccarelli/golang-oci-mirror/pkg/mirror/util.go:274.3,274.82 1 0
github.com/lmzuccarelli/golang-oci-mirror/pkg/mirror/util.go:271.30,273.4 1 0
github.com/lmzuccarelli/golang-oci-mirror/pkg/mirror/util.go:276.32,279.17 3 0
github.com/lmzuccarelli/golang-oci-mirror/pkg/mirror/util.go:279.17,281.4 1 0
github.com/lmzuccarelli/golang-oci-mirror/pkg/mirror/util.go:282.8,282.36 1 1
github.com/lmzuccarelli/golang-oci-mirror/pkg/mirror/util.go:282.36,287.3 1 0
github.com/lmzuccarelli/golang-oci-mirror/pkg/mirror/util.go:288.34,290.3 1 0
github.com/lmzuccarelli/golang-oci-mirror/pkg/mirror/util.go:291.18,293.3 1 0
github.com/lmzuccarelli/golang-oci-mirror/pkg/mirror/util.go:310.192,322.2 11 1
github.com/lmzuccarelli/golang-oci-mirror/pkg/mirror/util.go:352.55,353.17 1 0
github.com/lmzuccarelli/golang-oci-mirror/pkg/mirror/util.go:356.2,357.18 2 0
github.com/lmzuccarelli/golang-oci-mirror/pkg/mirror/util.go:360.2,360.17 1 0
github.com/lmzuccarelli/golang-oci-mirror/pkg/mirror/util.go:363.2,363.26 1 0
github.com/lmzuccarelli/golang-oci-mirror/pkg/mirror/util.go:353.17,355.3 1 0
github.com/lmzuccarelli/golang-oci-mirror/pkg/mirror/util.go:357.18,359.3 1 0
github.com/lmzuccarelli/golang-oci-mirror/pkg/mirror/util.go:360.17,362.3 1 0
github.com/lmzuccarelli/golang-oci-mirror/pkg/mirror/util.go:366.67,368.16 2 0
github.com/lmzuccarelli/golang-oci-mirror/pkg/mirror/util.go:371.2,374.8 1 0
github.com/lmzuccarelli/golang-oci-mirror/pkg/mirror/util.go:368.16,370.3 1 0
github.com/lmzuccarelli/golang-oci-mirror/pkg/mirror/util.go:395.65,396.24 1 1
github.com/lmzuccarelli/golang-oci-mirror/pkg/mirror/util.go:397.13,398.47 1 1
github.com/lmzuccarelli/golang-oci-mirror/pkg/mirror/util.go:399.14,400.54 1 0
github.com/lmzuccarelli/golang-oci-mirror/pkg/mirror/util.go:401.14,402.48 1 0
github.com/lmzuccarelli/golang-oci-mirror/pkg/mirror/util.go:403.10,404.124 1 0
github.com/lmzuccarelli/golang-oci-mirror/pkg/mirror/util.go:437.89,439.31 2 0
github.com/lmzuccarelli/golang-oci-mirror/pkg/mirror/util.go:443.2,445.16 3 0
github.com/lmzuccarelli/golang-oci-mirror/pkg/mirror/util.go:448.2,449.32 2 0
github.com/lmzuccarelli/golang-oci-mirror/pkg/mirror/util.go:439.31,441.3 1 0
github.com/lmzuccarelli/golang-oci-mirror/pkg/mirror/util.go:445.16,447.3 1 0
github.com/lmzuccarelli/golang-oci-mirror/pkg/batch/worker.go:41.18,43.2 1 1
github.com/lmzuccarelli/golang-oci-mirror/pkg/batch/worker.go:61.108,69.23 6 1
github.com/lmzuccarelli/golang-oci-mirror/pkg/batch/worker.go:75.2,84.54 9 1
github.com/lmzuccarelli/golang-oci-mirror/pkg/batch/worker.go:87.2,91.31 3 1
github.com/lmzuccarelli/golang-oci-mirror/pkg/batch/worker.go:145.2,145.21 1 1
github.com/lmzuccarelli/golang-oci-mirror/pkg/batch/worker.go:154.2,154.12 1 1
github.com/lmzuccarelli/golang-oci-mirror/pkg/batch/worker.go:69.23,71.3 1 1
github.com/lmzuccarelli/golang-oci-mirror/pkg/batch/worker.go:71.8,73.3 1 1
github.com/lmzuccarelli/golang-oci-mirror/pkg/batch/worker.go:84.54,86.3 1 0
github.com/lmzuccarelli/golang-oci-mirror/pkg/batch/worker.go:91.31,93.36 2 1
github.com/lmzuccarelli/golang-oci-mirror/pkg/batch/worker.go:132.3,135.18 4 1
github.com/lmzuccarelli/golang-oci-mirror/pkg/batch/worker.go:138.3,138.24 1 1
github.com/lmzuccarelli/golang-oci-mirror/pkg/batch/worker.go:93.36,95.36 2 1
github.com/lmzuccarelli/golang-oci-mirror/pkg/batch/worker.go:112.4,112.35 1 1
github.com/lmzuccarelli/golang-oci-mirror/pkg/batch/worker.go:124.4,124.95 1 1
github.com/lmzuccarelli/golang-oci-mirror/pkg/batch/worker.go:95.36,97.19 2 0
github.com/lmzuccarelli/golang-oci-mirror/pkg/batch/worker.go:101.5,102.19 2 0
github.com/lmzuccarelli/golang-oci-mirror/pkg/batch/worker.go:106.5,110.89 4 0
github.com/lmzuccarelli/golang-oci-mirror/pkg/batch/worker.go:97.19,100.6 2 0
github.com/lmzuccarelli/golang-oci-mirror/pkg/batch/worker.go:102.19,105.6 2 0
github.com/lmzuccarelli/golang-oci-mirror/pkg/batch/worker.go:112.35,116.19 4 0
github.com/lmzuccarelli/golang-oci-mirror/pkg/batch/worker.go:120.5,121.41 2 0
github.com/lmzuccarelli/golang-oci-mirror/pkg/batch/worker.go:116.19,119.6 2 0
github.com/lmzuccarelli/golang-oci-mirror/pkg/batch/worker.go:124.95,127.19 3 1
github.com/lmzuccarelli/golang-oci-mirror/pkg/batch/worker.go:127.19,129.6 1 0
github.com/lmzuccarelli/golang-oci-mirror/pkg/batch/worker.go:135.18,137.4 1 0
github.com/lmzuccarelli/golang-oci-mirror/pkg/batch/worker.go:138.24,139.33 1 0
github.com/lmzuccarelli/golang-oci-mirror/pkg/batch/worker.go:142.4,142.63 1 0
github.com/lmzuccarelli/golang-oci-mirror/pkg/batch/worker.go:139.33,141.5 1 0
github.com/lmzuccarelli/golang-oci-mirror/pkg/batch/worker.go:145.21,150.17 4 1
github.com/lmzuccarelli/golang-oci-mirror/pkg/batch/worker.go:150.17,152.4 1 0
github.com/lmzuccarelli/golang-oci-mirror/pkg/batch/worker.go:157.72,161.20 4 0
github.com/lmzuccarelli/golang-oci-mirror/pkg/batch/worker.go:164.2,164.37 1 0
github.com/lmzuccarelli/golang-oci-mirror/pkg/batch/worker.go:169.2,170.17 2 0
github.com/lmzuccarelli/golang-oci-mirror/pkg/batch/worker.go:161.20,163.3 1 0
github.com/lmzuccarelli/golang-oci-mirror/pkg/batch/worker.go:164.37,166.3 1 0
github.com/lmzuccarelli/golang-oci-mirror/pkg/batch/worker.go:166.8,168.3 1 0
github.com/lmzuccarelli/golang-oci-mirror/pkg/operator/collector.go:44.22,46.2 1 0
github.com/lmzuccarelli/golang-oci-mirror/pkg/operator/collector.go:60.98,69.48 6 1
github.com/lmzuccarelli/golang-oci-mirror/pkg/operator/collector.go:81.2,81.33 1 1
github.com/lmzuccarelli/golang-oci-mirror/pkg/operator/collector.go:155.2,157.34 3 1
github.com/lmzuccarelli/golang-oci-mirror/pkg/operator/collector.go:160.2,166.25 5 1
github.com/lmzuccarelli/golang-oci-mirror/pkg/operator/collector.go:171.2,171.30 1 1
github.com/lmzuccarelli/golang-oci-mirror/pkg/operator/collector.go:69.48,71.36 2 1
github.com/lmzuccarelli/golang-oci-mirror/pkg/operator/collector.go:71.36,73.41 2 1
github.com/lmzuccarelli/golang-oci-mirror/pkg/operator/collector.go:73.41,76.5 2 1
github.com/lmzuccarelli/golang-oci-mirror/pkg/operator/collector.go:81.33,83.48 2 1
github.com/lmzuccarelli/golang-oci-mirror/pkg/operator/collector.go:83.48,85.19 1 1
github.com/lmzuccarelli/golang-oci-mirror/pkg/operator/collector.go:140.4,140.29 1 1
github.com/lmzuccarelli/golang-oci-mirror/pkg/operator/collector.go:85.19,92.19 6 1
github.com/lmzuccarelli/golang-oci-mirror/pkg/operator/collector.go:96.5,97.19 2 1
github.com/lmzuccarelli/golang-oci-mirror/pkg/operator/collector.go:102.5,102.32 1 1
github.com/lmzuccarelli/golang-oci-mirror/pkg/operator/collector.go:109.5,114.19 4 1
github.com/lmzuccarelli/golang-oci-mirror/pkg/operator/collector.go:120.5,121.19 2 1
github.com/lmzuccarelli/golang-oci-mirror/pkg/operator/collector.go:125.5,132.19 4 1
github.com/lmzuccarelli/golang-oci-mirror/pkg/operator/collector.go:92.19,94.6 1 0
github.com/lmzuccarelli/golang-oci-mirror/pkg/operator/collector.go:97.19,99.6 1 0
github.com/lmzuccarelli/golang-oci-mirror/pkg/operator/collector.go:102.32,104.6 1 0
github.com/lmzuccarelli/golang-oci-mirror/pkg/operator/collector.go:104.11,105.62 1 1
github.com/lmzuccarelli/golang-oci-mirror/pkg/operator/collector.go:105.62,107.7 1 0
github.com/lmzuccarelli/golang-oci-mirror/pkg/operator/collector.go:114.19,116.6 1 0
github.com/lmzuccarelli/golang-oci-mirror/pkg/operator/collector.go:121.19,123.6 1 0
github.com/lmzuccarelli/golang-oci-mirror/pkg/operator/collector.go:132.19,134.6 1 0
github.com/lmzuccarelli/golang-oci-mirror/pkg/operator/collector.go:140.29,142.19 2 1
github.com/lmzuccarelli/golang-oci-mirror/pkg/operator/collector.go:142.19,144.6 1 0
github.com/lmzuccarelli/golang-oci-mirror/pkg/operator/collector.go:145.10,148.19 2 1
github.com/lmzuccarelli/golang-oci-mirror/pkg/operator/collector.go:148.19,150.6 1 0
github.com/lmzuccarelli/golang-oci-mirror/pkg/operator/collector.go:157.34,159.3 1 1
github.com/lmzuccarelli/golang-oci-mirror/pkg/operator/collector.go:166.25,170.3 3 1
github.com/lmzuccarelli/golang-oci-mirror/pkg/operator/collector.go:175.78,177.22 2 1
github.com/lmzuccarelli/golang-oci-mirror/pkg/operator/collector.go:182.2,182.10 1 1
github.com/lmzuccarelli/golang-oci-mirror/pkg/operator/collector.go:177.22,178.24 1 1
github.com/lmzuccarelli/golang-oci-mirror/pkg/operator/collector.go:178.24,180.4 1 1
github.com/lmzuccarelli/golang-oci-mirror/pkg/services/executor.go:68.36,115.48 12 1
github.com/lmzuccarelli/golang-oci-mirror/pkg/services/executor.go:121.2,128.16 6 1
github.com/lmzuccarelli/golang-oci-mirror/pkg/services/executor.go:131.2,144.12 12 1
github.com/lmzuccarelli/golang-oci-mirror/pkg/services/executor.go:115.48,118.4 2 0
github.com/lmzuccarelli/golang-oci-mirror/pkg/services/executor.go:128.16,130.3 1 1
github.com/lmzuccarelli/golang-oci-mirror/pkg/services/executor.go:148.71,151.44 1 1
github.com/lmzuccarelli/golang-oci-mirror/pkg/services/executor.go:157.2,162.16 4 1
github.com/lmzuccarelli/golang-oci-mirror/pkg/services/executor.go:167.2,170.48 2 1
github.com/lmzuccarelli/golang-oci-mirror/pkg/services/executor.go:184.2,184.40 1 1
github.com/lmzuccarelli/golang-oci-mirror/pkg/services/executor.go:195.2,196.16 2 1
github.com/lmzuccarelli/golang-oci-mirror/pkg/services/executor.go:200.2,200.12 1 1
github.com/lmzuccarelli/golang-oci-mirror/pkg/services/executor.go:151.44,153.3 1 1
github.com/lmzuccarelli/golang-oci-mirror/pkg/services/executor.go:153.8,153.54 1 1
github.com/lmzuccarelli/golang-oci-mirror/pkg/services/executor.go:153.54,155.3 1 1
github.com/lmzuccarelli/golang-oci-mirror/pkg/services/executor.go:162.16,165.3 2 0
github.com/lmzuccarelli/golang-oci-mirror/pkg/services/executor.go:170.48,175.17 2 1
github.com/lmzuccarelli/golang-oci-mirror/pkg/services/executor.go:178.3,180.56 3 1
github.com/lmzuccarelli/golang-oci-mirror/pkg/services/executor.go:175.17,177.4 1 1
github.com/lmzuccarelli/golang-oci-mirror/pkg/services/executor.go:184.40,186.17 2 1
github.com/lmzuccarelli/golang-oci-mirror/pkg/services/executor.go:189.3,191.56 3 1
github.com/lmzuccarelli/golang-oci-mirror/pkg/services/executor.go:186.17,188.4 1 1
github.com/lmzuccarelli/golang-oci-mirror/pkg/services/executor.go:196.16,198.3 1 1
github.com/lmzuccarelli/golang-oci-mirror/pkg/services/executor.go:204.56,205.81 1 1
github.com/lmzuccarelli/golang-oci-mirror/pkg/services/executor.go:208.2,208.76 1 1
github.com/lmzuccarelli/golang-oci-mirror/pkg/services/executor.go:205.81,207.3 1 1
github.com/lmzuccarelli/golang-oci-mirror/pkg/services/executor.go:211.77,212.25 1 1
github.com/lmzuccarelli/golang-oci-mirror/pkg/services/executor.go:215.2,215.13 1 1
github.com/lmzuccarelli/golang-oci-mirror/pkg/services/executor.go:212.25,214.3 1 1
github.com/lmzuccarelli/golang-oci-mirror/pkg/services/options.go:15.52,18.45 3 0
github.com/lmzuccarelli/golang-oci-mirror/pkg/services/options.go:18.45,20.3 1 0
github.com/lmzuccarelli/golang-oci-mirror/pkg/services/options.go:52.54,64.2 6 0
github.com/lmzuccarelli/golang-oci-mirror/pkg/release/cincinnati.go:19.124,21.2 1 1
github.com/lmzuccarelli/golang-oci-mirror/pkg/release/cincinnati.go:30.73,31.12 1 1
github.com/lmzuccarelli/golang-oci-mirror/pkg/release/cincinnati.go:34.2,34.22 1 1
github.com/lmzuccarelli/golang-oci-mirror/pkg/release/cincinnati.go:31.12,33.3 1 1
github.com/lmzuccarelli/golang-oci-mirror/pkg/release/cincinnati.go:37.73,39.2 1 0
github.com/lmzuccarelli/golang-oci-mirror/pkg/release/cincinnati.go:41.95,48.62 2 1
github.com/lmzuccarelli/golang-oci-mirror/pkg/release/cincinnati.go:151.2,151.25 1 1
github.com/lmzuccarelli/golang-oci-mirror/pkg/release/cincinnati.go:154.2,154.25 1 1
github.com/lmzuccarelli/golang-oci-mirror/pkg/release/cincinnati.go:48.62,52.56 2 1
github.com/lmzuccarelli/golang-oci-mirror/pkg/release/cincinnati.go:130.3,130.56 1 1
github.com/lmzuccarelli/golang-oci-mirror/pkg/release/cincinnati.go:137.3,137.49 1 1
github.com/lmzuccarelli/golang-oci-mirror/pkg/release/cincinnati.go:52.56,56.19 3 1
github.com/lmzuccarelli/golang-oci-mirror/pkg/release/cincinnati.go:71.4,71.18 1 1
github.com/lmzuccarelli/golang-oci-mirror/pkg/release/cincinnati.go:76.4,76.58 1 1
github.com/lmzuccarelli/golang-oci-mirror/pkg/release/cincinnati.go:120.4,121.18 2 1
github.com/lmzuccarelli/golang-oci-mirror/pkg/release/cincinnati.go:125.4,125.37 1 1
github.com/lmzuccarelli/golang-oci-mirror/pkg/release/cincinnati.go:57.26,59.19 2 1
github.com/lmzuccarelli/golang-oci-mirror/pkg/release/cincinnati.go:62.26,64.19 2 0
github.com/lmzuccarelli/golang-oci-mirror/pkg/release/cincinnati.go:67.12,69.13 2 0
github.com/lmzuccarelli/golang-oci-mirror/pkg/release/cincinnati.go:59.19,61.6 1 1
github.com/lmzuccarelli/golang-oci-mirror/pkg/release/cincinnati.go:64.19,66.6 1 0
github.com/lmzuccarelli/golang-oci-mirror/pkg/release/cincinnati.go:71.18,73.13 2 1
github.com/lmzuccarelli/golang-oci-mirror/pkg/release/cincinnati.go:76.58,79.32 1 1
github.com/lmzuccarelli/golang-oci-mirror/pkg/release/cincinnati.go:102.5,102.32 1 1
github.com/lmzuccarelli/golang-oci-mirror/pkg/release/cincinnati.go:111.5,111.36 1 1
github.com/lmzuccarelli/golang-oci-mirror/pkg/release/cincinnati.go:79.32,81.20 2 1
github.com/lmzuccarelli/golang-oci-mirror/pkg/release/cincinnati.go:87.6,89.53 3 1
github.com/lmzuccarelli/golang-oci-mirror/pkg/release/cincinnati.go:81.20,83.15 2 0
github.com/lmzuccarelli/golang-oci-mirror/pkg/release/cincinnati.go:89.53,97.7 3 1
github.com/lmzuccarelli/golang-oci-mirror/pkg/release/cincinnati.go:102.32,104.20 2 1
github.com/lmzuccarelli/golang-oci-mirror/pkg/release/cincinnati.go:108.6,109.67 2 1
github.com/lmzuccarelli/golang-oci-mirror/pkg/release/cincinnati.go:104.20,106.15 2 0
github.com/lmzuccarelli/golang-oci-mirror/pkg/release/cincinnati.go:112.10,118.5 3 1
github.com/lmzuccarelli/golang-oci-mirror/pkg/release/cincinnati.go:121.18,123.13 2 0
github.com/lmzuccarelli/golang-oci-mirror/pkg/release/cincinnati.go:130.56,132.13 2 1
github.com/lmzuccarelli/golang-oci-mirror/pkg/release/cincinnati.go:132.13,134.5 1 1
github.com/lmzuccarelli/golang-oci-mirror/pkg/release/cincinnati.go:137.49,139.18 2 1
github.com/lmzuccarelli/golang-oci-mirror/pkg/release/cincinnati.go:143.4,144.18 2 1
github.com/lmzuccarelli/golang-oci-mirror/pkg/release/cincinnati.go:148.4,148.40 1 0
github.com/lmzuccarelli/golang-oci-mirror/pkg/release/cincinnati.go:139.18,141.13 2 0
github.com/lmzuccarelli/golang-oci-mirror/pkg/release/cincinnati.go:144.18,146.13 2 1
github.com/lmzuccarelli/golang-oci-mirror/pkg/release/cincinnati.go:151.25,153.3 1 1
github.com/lmzuccarelli/golang-oci-mirror/pkg/release/cincinnati.go:159.40,160.23 1 1
github.com/lmzuccarelli/golang-oci-mirror/pkg/release/cincinnati.go:160.23,162.9 2 1
github.com/lmzuccarelli/golang-oci-mirror/pkg/release/cincinnati.go:166.3,166.11 1 1
github.com/lmzuccarelli/golang-oci-mirror/pkg/release/cincinnati.go:162.9,164.12 2 0
github.com/lmzuccarelli/golang-oci-mirror/pkg/release/cincinnati.go:173.162,177.34 3 1
github.com/lmzuccarelli/golang-oci-mirror/pkg/release/cincinnati.go:182.2,224.16 3 1
github.com/lmzuccarelli/golang-oci-mirror/pkg/release/cincinnati.go:227.2,228.16 2 1
github.com/lmzuccarelli/golang-oci-mirror/pkg/release/cincinnati.go:232.2,233.26 2 1
github.com/lmzuccarelli/golang-oci-mirror/pkg/release/cincinnati.go:255.2,257.26 2 1
github.com/lmzuccarelli/golang-oci-mirror/pkg/release/cincinnati.go:177.34,178.30 1 0
github.com/lmzuccarelli/golang-oci-mirror/pkg/release/cincinnati.go:178.30,180.4 1 0
github.com/lmzuccarelli/golang-oci-mirror/pkg/release/cincinnati.go:224.16,226.3 1 0
github.com/lmzuccarelli/golang-oci-mirror/pkg/release/cincinnati.go:228.16,230.3 1 0
github.com/lmzuccarelli/golang-oci-mirror/pkg/release/cincinnati.go:233.26,235.17 2 1
github.com/lmzuccarelli/golang-oci-mirror/pkg/release/cincinnati.go:238.3,238.57 1 1
github.com/lmzuccarelli/golang-oci-mirror/pkg/release/cincinnati.go:235.17,237.4 1 0
github.com/lmzuccarelli/golang-oci-mirror/pkg/release/cincinnati.go:240.8,242.17 2 1
github.com/lmzuccarelli/golang-oci-mirror/pkg/release/cincinnati.go:245.3,246.17 2 1
github.com/lmzuccarelli/golang-oci-mirror/pkg/release/cincinnati.go:249.3,250.17 2 1
github.com/lmzuccarelli/golang-oci-mirror/pkg/release/cincinnati.go:253.3,253.61 1 1
github.com/lmzuccarelli/golang-oci-mirror/pkg/release/cincinnati.go:242.17,244.4 1 0
github.com/lmzuccarelli/golang-oci-mirror/pkg/release/cincinnati.go:246.17,248.4 1 0
github.com/lmzuccarelli/golang-oci-mirror/pkg/release/cincinnati.go:250.17,252.4 1 0
github.com/lmzuccarelli/golang-oci-mirror/pkg/release/cincinnati.go:261.138,265.30 2 1
github.com/lmzuccarelli/golang-oci-mirror/pkg/release/cincinnati.go:271.2,271.27 1 1
github.com/lmzuccarelli/golang-oci-mirror/pkg/release/cincinnati.go:275.2,276.16 2 1
github.com/lmzuccarelli/golang-oci-mirror/pkg/release/cincinnati.go:279.2,280.16 2 1
github.com/lmzuccarelli/golang-oci-mirror/pkg/release/cincinnati.go:283.2,284.16 2 1
github.com/lmzuccarelli/golang-oci-mirror/pkg/release/cincinnati.go:287.2,287.53 1 0
github.com/lmzuccarelli/golang-oci-mirror/pkg/release/cincinnati.go:265.30,266.34 1 1
github.com/lmzuccarelli/golang-oci-mirror/pkg/release/cincinnati.go:266.34,268.4 1 1
github.com/lmzuccarelli/golang-oci-mirror/pkg/release/cincinnati.go:271.27,273.3 1 0
github.com/lmzuccarelli/golang-oci-mirror/pkg/release/cincinnati.go:276.16,278.3 1 0
github.com/lmzuccarelli/golang-oci-mirror/pkg/release/cincinnati.go:280.16,282.3 1 0
github.com/lmzuccarelli/golang-oci-mirror/pkg/release/cincinnati.go:284.16,286.3 1 1
github.com/lmzuccarelli/golang-oci-mirror/pkg/release/cincinnati.go:290.72,292.33 2 1
github.com/lmzuccarelli/golang-oci-mirror/pkg/release/cincinnati.go:297.2,297.25 1 1
github.com/lmzuccarelli/golang-oci-mirror/pkg/release/cincinnati.go:301.2,301.24 1 1
github.com/lmzuccarelli/golang-oci-mirror/pkg/release/cincinnati.go:305.2,305.25 1 1
github.com/lmzuccarelli/golang-oci-mirror/pkg/release/cincinnati.go:292.33,295.3 2 1
github.com/lmzuccarelli/golang-oci-mirror/pkg/release/cincinnati.go:297.25,299.3 1 1
github.com/lmzuccarelli/golang-oci-mirror/pkg/release/cincinnati.go:301.24,303.3 1 1
github.com/lmzuccarelli/golang-oci-mirror/pkg/release/client.go:32.49,34.88 2 1
github.com/lmzuccarelli/golang-oci-mirror/pkg/release/client.go:40.2,41.16 2 1
github.com/lmzuccarelli/golang-oci-mirror/pkg/release/client.go:45.2,46.16 2 1
github.com/lmzuccarelli/golang-oci-mirror/pkg/release/client.go:50.2,54.70 2 1
github.com/lmzuccarelli/golang-oci-mirror/pkg/release/client.go:34.88,37.3 2 1
github.com/lmzuccarelli/golang-oci-mirror/pkg/release/client.go:37.8,39.3 1 1
github.com/lmzuccarelli/golang-oci-mirror/pkg/release/client.go:41.16,43.3 1 0
github.com/lmzuccarelli/golang-oci-mirror/pkg/release/client.go:46.16,48.3 1 0
github.com/lmzuccarelli/golang-oci-mirror/pkg/release/client.go:57.39,59.2 1 1
github.com/lmzuccarelli/golang-oci-mirror/pkg/release/client.go:61.52,63.2 1 1
github.com/lmzuccarelli/golang-oci-mirror/pkg/release/client.go:65.39,67.2 1 1
github.com/lmzuccarelli/golang-oci-mirror/pkg/release/client.go:69.67,77.33 4 1
github.com/lmzuccarelli/golang-oci-mirror/pkg/release/client.go:82.2,82.39 1 1
github.com/lmzuccarelli/golang-oci-mirror/pkg/release/client.go:77.33,78.18 1 1
github.com/lmzuccarelli/golang-oci-mirror/pkg/release/client.go:78.18,80.4 1 1
github.com/lmzuccarelli/golang-oci-mirror/pkg/release/client.go:94.49,96.16 2 1
github.com/lmzuccarelli/golang-oci-mirror/pkg/release/client.go:100.2,101.16 2 1
github.com/lmzuccarelli/golang-oci-mirror/pkg/release/client.go:105.2,109.70 2 1
github.com/lmzuccarelli/golang-oci-mirror/pkg/release/client.go:96.16,98.3 1 0
github.com/lmzuccarelli/golang-oci-mirror/pkg/release/client.go:101.16,103.3 1 0
github.com/lmzuccarelli/golang-oci-mirror/pkg/release/client.go:112.39,114.2 1 1
github.com/lmzuccarelli/golang-oci-mirror/pkg/release/client.go:116.39,118.2 1 1
github.com/lmzuccarelli/golang-oci-mirror/pkg/release/client.go:120.52,122.2 1 0
github.com/lmzuccarelli/golang-oci-mirror/pkg/release/client.go:124.53,126.2 0 1
github.com/lmzuccarelli/golang-oci-mirror/pkg/release/client.go:128.42,130.16 2 1
github.com/lmzuccarelli/golang-oci-mirror/pkg/release/client.go:133.2,137.20 2 1
github.com/lmzuccarelli/golang-oci-mirror/pkg/release/client.go:130.16,132.3 1 0
github.com/lmzuccarelli/golang-oci-mirror/pkg/release/collector.go:45.22,47.2 1 0
github.com/lmzuccarelli/golang-oci-mirror/pkg/release/collector.go:62.97,67.17 3 1
github.com/lmzuccarelli/golang-oci-mirror/pkg/release/collector.go:80.2,81.16 2 1
github.com/lmzuccarelli/golang-oci-mirror/pkg/release/collector.go:87.2,87.29 1 1
github.com/lmzuccarelli/golang-oci-mirror/pkg/release/collector.go:90.2,94.16 4 1
github.com/lmzuccarelli/golang-oci-mirror/pkg/release/collector.go:97.2,100.16 3 1
github.com/lmzuccarelli/golang-oci-mirror/pkg/release/collector.go:103.2,105.78 2 1
github.com/lmzuccarelli/golang-oci-mirror/pkg/release/collector.go:67.17,68.29 1 1
github.com/lmzuccarelli/golang-oci-mirror/pkg/release/collector.go:68.29,73.18 5 1
github.com/lmzuccarelli/golang-oci-mirror/pkg/release/collector.go:76.4,76.54 1 1
github.com/lmzuccarelli/golang-oci-mirror/pkg/release/collector.go:73.18,75.5 1 1
github.com/lmzuccarelli/golang-oci-mirror/pkg/release/collector.go:81.16,84.3 2 1
github.com/lmzuccarelli/golang-oci-mirror/pkg/release/collector.go:87.29,89.3 1 0
github.com/lmzuccarelli/golang-oci-mirror/pkg/release/collector.go:94.16,96.3 1 1
github.com/lmzuccarelli/golang-oci-mirror/pkg/release/collector.go:100.16,102.3 1 1
github.com/lmzuccarelli/golang-oci-mirror/pkg/release/core-cincinnati.go:47.34,49.2 1 1
github.com/lmzuccarelli/golang-oci-mirror/pkg/release/core-cincinnati.go:58.158,65.16 5 1
github.com/lmzuccarelli/golang-oci-mirror/pkg/release/core-cincinnati.go:74.2,76.35 3 1
github.com/lmzuccarelli/golang-oci-mirror/pkg/release/core-cincinnati.go:84.2,84.12 1 1
github.com/lmzuccarelli/golang-oci-mirror/pkg/release/core-cincinnati.go:91.2,93.35 3 1
github.com/lmzuccarelli/golang-oci-mirror/pkg/release/core-cincinnati.go:101.2,101.12 1 1
github.com/lmzuccarelli/golang-oci-mirror/pkg/release/core-cincinnati.go:108.2,109.35 2 1
github.com/lmzuccarelli/golang-oci-mirror/pkg/release/core-cincinnati.go:114.2,114.50 1 1
github.com/lmzuccarelli/golang-oci-mirror/pkg/release/core-cincinnati.go:121.2,121.62 1 1
github.com/lmzuccarelli/golang-oci-mirror/pkg/release/core-cincinnati.go:162.2,165.29 3 1
github.com/lmzuccarelli/golang-oci-mirror/pkg/release/core-cincinnati.go:169.2,169.41 1 1
github.com/lmzuccarelli/golang-oci-mirror/pkg/release/core-cincinnati.go:65.16,71.3 1 0
github.com/lmzuccarelli/golang-oci-mirror/pkg/release/core-cincinnati.go:76.35,77.31 1 1
github.com/lmzuccarelli/golang-oci-mirror/pkg/release/core-cincinnati.go:77.31,81.9 4 1
github.com/lmzuccarelli/golang-oci-mirror/pkg/release/core-cincinnati.go:84.12,89.3 1 1
github.com/lmzuccarelli/golang-oci-mirror/pkg/release/core-cincinnati.go:93.35,94.30 1 1
github.com/lmzuccarelli/golang-oci-mirror/pkg/release/core-cincinnati.go:94.30,98.9 4 1
github.com/lmzuccarelli/golang-oci-mirror/pkg/release/core-cincinnati.go:101.12,106.3 1 1
github.com/lmzuccarelli/golang-oci-mirror/pkg/release/core-cincinnati.go:109.35,111.3 1 1
github.com/lmzuccarelli/golang-oci-mirror/pkg/release/core-cincinnati.go:114.50,115.48 1 1
github.com/lmzuccarelli/golang-oci-mirror/pkg/release/core-cincinnati.go:118.3,118.39 1 1
github.com/lmzuccarelli/golang-oci-mirror/pkg/release/core-cincinnati.go:115.48,117.4 1 1
github.com/lmzuccarelli/golang-oci-mirror/pkg/release/core-cincinnati.go:121.62,128.22 6 1
github.com/lmzuccarelli/golang-oci-mirror/pkg/release/core-cincinnati.go:145.3,145.33 1 1
github.com/lmzuccarelli/golang-oci-mirror/pkg/release/core-cincinnati.go:149.3,150.56 2 1
github.com/lmzuccarelli/golang-oci-mirror/pkg/release/core-cincinnati.go:155.3,155.54 1 1
github.com/lmzuccarelli/golang-oci-mirror/pkg/release/core-cincinnati.go:159.3,159.14 1 1
github.com/lmzuccarelli/golang-oci-mirror/pkg/release/core-cincinnati.go:128.22,131.19 3 1
github.com/lmzuccarelli/golang-oci-mirror/pkg/release/core-cincinnati.go:135.4,135.37 1 1
github.com/lmzuccarelli/golang-oci-mirror/pkg/release/core-cincinnati.go:131.19,132.10 1 1
github.com/lmzuccarelli/golang-oci-mirror/pkg/release/core-cincinnati.go:135.37,136.40 1 1
github.com/lmzuccarelli/golang-oci-mirror/pkg/release/core-cincinnati.go:136.40,140.6 3 1
github.com/lmzuccarelli/golang-oci-mirror/pkg/release/core-cincinnati.go:145.33,147.4 1 1
github.com/lmzuccarelli/golang-oci-mirror/pkg/release/core-cincinnati.go:150.56,152.4 1 1
github.com/lmzuccarelli/golang-oci-mirror/pkg/release/core-cincinnati.go:155.54,157.4 1 1
github.com/lmzuccarelli/golang-oci-mirror/pkg/release/core-cincinnati.go:165.29,167.3 1 1
github.com/lmzuccarelli/golang-oci-mirror/pkg/release/core-cincinnati.go:174.165,175.36 1 1
github.com/lmzuccarelli/golang-oci-mirror/pkg/release/core-cincinnati.go:181.2,182.16 2 1
github.com/lmzuccarelli/golang-oci-mirror/pkg/release/core-cincinnati.go:185.2,185.23 1 1
github.com/lmzuccarelli/golang-oci-mirror/pkg/release/core-cincinnati.go:202.2,203.16 2 1
github.com/lmzuccarelli/golang-oci-mirror/pkg/release/core-cincinnati.go:206.2,207.16 2 1
github.com/lmzuccarelli/golang-oci-mirror/pkg/release/core-cincinnati.go:211.2,212.16 2 1
github.com/lmzuccarelli/golang-oci-mirror/pkg/release/core-cincinnati.go:215.2,219.35 4 1
github.com/lmzuccarelli/golang-oci-mirror/pkg/release/core-cincinnati.go:226.2,226.47 1 1
github.com/lmzuccarelli/golang-oci-mirror/pkg/release/core-cincinnati.go:175.36,177.3 1 1
github.com/lmzuccarelli/golang-oci-mirror/pkg/release/core-cincinnati.go:182.16,184.3 1 0
github.com/lmzuccarelli/golang-oci-mirror/pkg/release/core-cincinnati.go:185.23,187.17 2 1
github.com/lmzuccarelli/golang-oci-mirror/pkg/release/core-cincinnati.go:190.3,190.16 1 1
github.com/lmzuccarelli/golang-oci-mirror/pkg/release/core-cincinnati.go:196.3,196.67 1 1
github.com/lmzuccarelli/golang-oci-mirror/pkg/release/core-cincinnati.go:187.17,189.4 1 0
github.com/lmzuccarelli/golang-oci-mirror/pkg/release/core-cincinnati.go:190.16,195.4 2 0
github.com/lmzuccarelli/golang-oci-mirror/pkg/release/core-cincinnati.go:203.16,205.3 1 1
github.com/lmzuccarelli/golang-oci-mirror/pkg/release/core-cincinnati.go:207.16,209.3 1 1
github.com/lmzuccarelli/golang-oci-mirror/pkg/release/core-cincinnati.go:212.16,214.3 1 1
github.com/lmzuccarelli/golang-oci-mirror/pkg/release/core-cincinnati.go:219.35,220.40 1 1
github.com/lmzuccarelli/golang-oci-mirror/pkg/release/core-cincinnati.go:220.40,223.4 2 1
github.com/lmzuccarelli/golang-oci-mirror/pkg/release/core-cincinnati.go:231.172,233.16 2 1
github.com/lmzuccarelli/golang-oci-mirror/pkg/release/core-cincinnati.go:238.2,242.23 4 1
github.com/lmzuccarelli/golang-oci-mirror/pkg/release/core-cincinnati.go:256.2,257.16 2 1
github.com/lmzuccarelli/golang-oci-mirror/pkg/release/core-cincinnati.go:260.2,260.15 1 1
github.com/lmzuccarelli/golang-oci-mirror/pkg/release/core-cincinnati.go:269.2,271.16 3 1
github.com/lmzuccarelli/golang-oci-mirror/pkg/release/core-cincinnati.go:275.2,275.23 1 1
github.com/lmzuccarelli/golang-oci-mirror/pkg/release/core-cincinnati.go:279.2,280.16 2 1
github.com/lmzuccarelli/golang-oci-mirror/pkg/release/core-cincinnati.go:283.2,286.33 3 1
github.com/lmzuccarelli/golang-oci-mirror/pkg/release/core-cincinnati.go:233.16,235.3 1 0
github.com/lmzuccarelli/golang-oci-mirror/pkg/release/core-cincinnati.go:242.23,249.3 2 1
github.com/lmzuccarelli/golang-oci-mirror/pkg/release/core-cincinnati.go:249.8,251.17 2 1
github.com/lmzuccarelli/golang-oci-mirror/pkg/release/core-cincinnati.go:251.17,253.4 1 0
github.com/lmzuccarelli/golang-oci-mirror/pkg/release/core-cincinnati.go:257.16,259.3 1 0
github.com/lmzuccarelli/golang-oci-mirror/pkg/release/core-cincinnati.go:260.15,267.3 3 1
github.com/lmzuccarelli/golang-oci-mirror/pkg/release/core-cincinnati.go:271.16,273.3 1 0
github.com/lmzuccarelli/golang-oci-mirror/pkg/release/core-cincinnati.go:275.23,277.3 1 1
github.com/lmzuccarelli/golang-oci-mirror/pkg/release/core-cincinnati.go:280.16,282.3 1 0
github.com/lmzuccarelli/golang-oci-mirror/pkg/release/core-cincinnati.go:291.123,293.16 2 1
github.com/lmzuccarelli/golang-oci-mirror/pkg/release/core-cincinnati.go:296.2,296.33 1 1
github.com/lmzuccarelli/golang-oci-mirror/pkg/release/core-cincinnati.go:301.2,301.18 1 1
github.com/lmzuccarelli/golang-oci-mirror/pkg/release/core-cincinnati.go:293.16,295.3 1 0
github.com/lmzuccarelli/golang-oci-mirror/pkg/release/core-cincinnati.go:296.33,297.21 1 1
github.com/lmzuccarelli/golang-oci-mirror/pkg/release/core-cincinnati.go:297.21,299.4 1 1
github.com/lmzuccarelli/golang-oci-mirror/pkg/release/core-cincinnati.go:306.123,309.21 2 1
github.com/lmzuccarelli/golang-oci-mirror/pkg/release/core-cincinnati.go:312.2,313.21 2 1
github.com/lmzuccarelli/golang-oci-mirror/pkg/release/core-cincinnati.go:316.2,317.16 2 1
github.com/lmzuccarelli/golang-oci-mirror/pkg/release/core-cincinnati.go:320.2,321.16 2 1
github.com/lmzuccarelli/golang-oci-mirror/pkg/release/core-cincinnati.go:324.2,325.36 2 1
github.com/lmzuccarelli/golang-oci-mirror/pkg/release/core-cincinnati.go:309.21,311.3 1 0
github.com/lmzuccarelli/golang-oci-mirror/pkg/release/core-cincinnati.go:313.21,315.3 1 1
github.com/lmzuccarelli/golang-oci-mirror/pkg/release/core-cincinnati.go:317.16,319.3 1 0
github.com/lmzuccarelli/golang-oci-mirror/pkg/release/core-cincinnati.go:321.16,323.3 1 0
github.com/lmzuccarelli/golang-oci-mirror/pkg/release/core-cincinnati.go:330.119,335.16 3 1
github.com/lmzuccarelli/golang-oci-mirror/pkg/release/core-cincinnati.go:344.2,345.75 2 1
github.com/lmzuccarelli/golang-oci-mirror/pkg/release/core-cincinnati.go:357.2,358.35 2 1
github.com/lmzuccarelli/golang-oci-mirror/pkg/release/core-cincinnati.go:364.2,366.20 2 1
github.com/lmzuccarelli/golang-oci-mirror/pkg/release/core-cincinnati.go:373.2,373.9 1 1
github.com/lmzuccarelli/golang-oci-mirror/pkg/release/core-cincinnati.go:377.2,377.31 1 1
github.com/lmzuccarelli/golang-oci-mirror/pkg/release/core-cincinnati.go:335.16,341.3 1 0
github.com/lmzuccarelli/golang-oci-mirror/pkg/release/core-cincinnati.go:345.75,348.17 3 0
github.com/lmzuccarelli/golang-oci-mirror/pkg/release/core-cincinnati.go:348.17,354.4 1 0
github.com/lmzuccarelli/golang-oci-mirror/pkg/release/core-cincinnati.go:358.35,359.81 1 1
github.com/lmzuccarelli/golang-oci-mirror/pkg/release/core-cincinnati.go:359.81,361.4 1 1
github.com/lmzuccarelli/golang-oci-mirror/pkg/release/core-cincinnati.go:366.20,371.3 1 1
github.com/lmzuccarelli/golang-oci-mirror/pkg/release/core-cincinnati.go:373.9,375.3 1 1
github.com/lmzuccarelli/golang-oci-mirror/pkg/release/core-cincinnati.go:382.94,387.16 3 0
github.com/lmzuccarelli/golang-oci-mirror/pkg/release/core-cincinnati.go:395.2,397.35 2 0
github.com/lmzuccarelli/golang-oci-mirror/pkg/release/core-cincinnati.go:405.2,405.22 1 0
github.com/lmzuccarelli/golang-oci-mirror/pkg/release/core-cincinnati.go:387.16,393.3 1 0
github.com/lmzuccarelli/golang-oci-mirror/pkg/release/core-cincinnati.go:397.35,400.52 2 0
github.com/lmzuccarelli/golang-oci-mirror/pkg/release/core-cincinnati.go:400.52,402.4 1 0
github.com/lmzuccarelli/golang-oci-mirror/pkg/release/core-cincinnati.go:410.97,415.16 3 1
github.com/lmzuccarelli/golang-oci-mirror/pkg/release/core-cincinnati.go:423.2,424.35 2 1
github.com/lmzuccarelli/golang-oci-mirror/pkg/release/core-cincinnati.go:429.2,429.20 1 1
github.com/lmzuccarelli/golang-oci-mirror/pkg/release/core-cincinnati.go:436.2,438.18 2 1
github.com/lmzuccarelli/golang-oci-mirror/pkg/release/core-cincinnati.go:415.16,421.3 1 0
github.com/lmzuccarelli/golang-oci-mirror/pkg/release/core-cincinnati.go:424.35,427.3 1 1
github.com/lmzuccarelli/golang-oci-mirror/pkg/release/core-cincinnati.go:429.20,434.3 1 1
github.com/lmzuccarelli/golang-oci-mirror/pkg/release/core-cincinnati.go:442.121,447.16 3 1
github.com/lmzuccarelli/golang-oci-mirror/pkg/release/core-cincinnati.go:456.2,457.35 2 1
github.com/lmzuccarelli/golang-oci-mirror/pkg/release/core-cincinnati.go:463.2,463.21 1 1
github.com/lmzuccarelli/golang-oci-mirror/pkg/release/core-cincinnati.go:447.16,453.3 1 0
github.com/lmzuccarelli/golang-oci-mirror/pkg/release/core-cincinnati.go:457.35,458.32 1 1
github.com/lmzuccarelli/golang-oci-mirror/pkg/release/core-cincinnati.go:458.32,460.4 1 1
github.com/lmzuccarelli/golang-oci-mirror/pkg/release/core-cincinnati.go:467.75,472.16 4 1
github.com/lmzuccarelli/golang-oci-mirror/pkg/release/core-cincinnati.go:475.2,476.58 2 1
github.com/lmzuccarelli/golang-oci-mirror/pkg/release/core-cincinnati.go:484.2,484.48 1 1
github.com/lmzuccarelli/golang-oci-mirror/pkg/release/core-cincinnati.go:491.2,492.22 2 1
github.com/lmzuccarelli/golang-oci-mirror/pkg/release/core-cincinnati.go:495.2,498.16 4 1
github.com/lmzuccarelli/golang-oci-mirror/pkg/release/core-cincinnati.go:501.2,503.38 2 1
github.com/lmzuccarelli/golang-oci-mirror/pkg/release/core-cincinnati.go:508.2,509.16 2 1
github.com/lmzuccarelli/golang-oci-mirror/pkg/release/core-cincinnati.go:513.2,513.52 1 1
github.com/lmzuccarelli/golang-oci-mirror/pkg/release/core-cincinnati.go:517.2,517.19 1 1
github.com/lmzuccarelli/golang-oci-mirror/pkg/release/core-cincinnati.go:472.16,474.3 1 0
github.com/lmzuccarelli/golang-oci-mirror/pkg/release/core-cincinnati.go:476.58,477.56 1 1
github.com/lmzuccarelli/golang-oci-mirror/pkg/release/core-cincinnati.go:477.56,479.4 1 1
github.com/lmzuccarelli/golang-oci-mirror/pkg/release/core-cincinnati.go:484.48,486.33 2 1
github.com/lmzuccarelli/golang-oci-mirror/pkg/release/core-cincinnati.go:486.33,488.4 1 0
github.com/lmzuccarelli/golang-oci-mirror/pkg/release/core-cincinnati.go:492.22,494.3 1 1
github.com/lmzuccarelli/golang-oci-mirror/pkg/release/core-cincinnati.go:498.16,500.3 1 0
github.com/lmzuccarelli/golang-oci-mirror/pkg/release/core-cincinnati.go:503.38,505.3 1 0
github.com/lmzuccarelli/golang-oci-mirror/pkg/release/core-cincinnati.go:509.16,511.3 1 0
github.com/lmzuccarelli/golang-oci-mirror/pkg/release/core-cincinnati.go:513.52,515.3 1 0
github.com/lmzuccarelli/golang-oci-mirror/pkg/release/core-cincinnati.go:539.49,541.54 2 1
github.com/lmzuccarelli/golang-oci-mirror/pkg/release/core-cincinnati.go:545.2,545.22 1 1
github.com/lmzuccarelli/golang-oci-mirror/pkg/release/core-cincinnati.go:549.2,552.12 3 1
github.com/lmzuccarelli/golang-oci-mirror/pkg/release/core-cincinnati.go:541.54,543.3 1 0
github.com/lmzuccarelli/golang-oci-mirror/pkg/release/core-cincinnati.go:545.22,547.3 1 0
github.com/lmzuccarelli/golang-oci-mirror/pkg/release/find.go:16.96,18.16 2 1
github.com/lmzuccarelli/golang-oci-mirror/pkg/release/find.go:22.2,23.22 2 1
github.com/lmzuccarelli/golang-oci-mirror/pkg/release/find.go:26.2,26.9 1 1
github.com/lmzuccarelli/golang-oci-mirror/pkg/release/find.go:36.2,36.56 1 1
github.com/lmzuccarelli/golang-oci-mirror/pkg/release/find.go:18.16,20.3 1 1
github.com/lmzuccarelli/golang-oci-mirror/pkg/release/find.go:23.22,25.3 1 1
github.com/lmzuccarelli/golang-oci-mirror/pkg/release/find.go:26.9,27.40 1 1
github.com/lmzuccarelli/golang-oci-mirror/pkg/release/find.go:27.40,29.4 1 1
github.com/lmzuccarelli/golang-oci-mirror/pkg/release/find.go:30.8,31.40 1 1
github.com/lmzuccarelli/golang-oci-mirror/pkg/release/find.go:31.40,33.4 1 1
github.com/lmzuccarelli/golang-oci-mirror/pkg/release/find.go:39.100,41.24 2 1
github.com/lmzuccarelli/golang-oci-mirror/pkg/release/find.go:45.2,45.30 1 1
github.com/lmzuccarelli/golang-oci-mirror/pkg/release/find.go:58.2,58.18 1 1
github.com/lmzuccarelli/golang-oci-mirror/pkg/release/find.go:41.24,43.3 1 1
github.com/lmzuccarelli/golang-oci-mirror/pkg/release/find.go:45.30,48.10 2 1
github.com/lmzuccarelli/golang-oci-mirror/pkg/release/find.go:51.3,52.17 2 1
github.com/lmzuccarelli/golang-oci-mirror/pkg/release/find.go:55.3,55.28 1 1
github.com/lmzuccarelli/golang-oci-mirror/pkg/release/find.go:48.10,50.4 1 1
github.com/lmzuccarelli/golang-oci-mirror/pkg/release/find.go:52.17,54.4 1 0
